#
# A fatal error has been detected by the Java Runtime Environment:
#
#  EXCEPTION_ACCESS_VIOLATION (0xc0000005) at pc=0x0000000059548bb7, pid=5772, tid=0x0000000000000c48
#
# JRE version: OpenJDK Runtime Environment (8.0_152-b02) (build 1.8.0_152-release-1024-b02)
# Java VM: OpenJDK 64-Bit Server VM (25.152-b02 mixed mode windows-amd64 compressed oops)
# Problematic frame:
# V  [jvm.dll+0x468bb7]
#
# Failed to write core dump. Minidumps are not enabled by default on client versions of Windows
#
# If you would like to submit a bug report, please visit:
#   http://bugreport.java.com/bugreport/crash.jsp
#

---------------  T H R E A D  ---------------

Current thread (0x0000000016438000):  JavaThread "C2 CompilerThread0" daemon [_thread_in_native, id=3144, stack(0x0000000017de0000,0x0000000017ee0000)]

siginfo: ExceptionCode=0xc0000005, reading address 0xffffffffffffffff

Registers:
RAX=0x020000001bfc2140, RBX=0x0000000000000002, RCX=0x0000000000000000, RDX=0x000000001d348080
RSP=0x0000000017edc0d0, RBP=0x0000000000018870, RSI=0x0000000000000381, RDI=0x000000001bfc2130
R8 =0x0000000000030000, R9 =0x00000000000000e0, R10=0x0000000017edc270, R11=0x0000000017edc130
R12=0x000000001d348080, R13=0x0000000017edc560, R14=0x00000000590e0000, R15=0x00000000598a5090
RIP=0x0000000059548bb7, EFLAGS=0x0000000000010246

Top of Stack: (sp=0x0000000017edc0d0)
0x0000000017edc0d0:   0000000000000318 0000000000000000
0x0000000017edc0e0:   0000000000018870 0000000000000381
0x0000000017edc0f0:   00000005000200d7 0000000000000001
0x0000000017edc100:   000000001d7f4d40 0000000000000001
0x0000000017edc110:   000000001d560e10 000000000000000b
0x0000000017edc120:   000000001d560e00 0000000059624bc9
0x0000000017edc130:   0000000017edc560 0000000000000381
0x0000000017edc140:   00000000598a5090 0000000000000010
0x0000000017edc150:   0000000019d7ad28 00000000595490d3
0x0000000017edc160:   0000000000000002 0000000000000000
0x0000000017edc170:   000000001d560e00 000000001a18ea78
0x0000000017edc180:   0000000000000009 00000000000008b8
0x0000000017edc190:   000000001d560e00 000000001c319b40
0x0000000017edc1a0:   0000000017edc270 0000000017f03b38
0x0000000017edc1b0:   0000000017f03760 0000000000000000
0x0000000017edc1c0:   0000000017edc560 0000000017f03750 

Instructions: (pc=0x0000000059548bb7)
0x0000000059548b97:   8b de 48 8d 3c 80 48 c1 e7 05 49 03 7a 10 85 db
0x0000000059548ba7:   0f 84 f3 fe ff ff 48 8b 47 08 8b cb 48 c1 e9 08
0x0000000059548bb7:   4c 8b 0c c8 4d 3b cf 75 0d 8b d3 48 8b cf e8 26
0x0000000059548bc7:   44 00 00 4c 8b c8 8b d3 83 e3 1f 41 b8 01 00 00 


Register to memory mapping:

RAX=0x020000001bfc2140 is an unknown value
RBX=0x0000000000000002 is an unknown value
RCX=0x0000000000000000 is an unknown value
RDX=0x000000001d348080 is an unknown value
RSP=0x0000000017edc0d0 is pointing into the stack for thread: 0x0000000016438000
RBP=0x0000000000018870 is an unknown value
RSI=0x0000000000000381 is an unknown value
RDI=0x000000001bfc2130 is an unknown value
R8 =0x0000000000030000 is an unknown value
R9 =0x00000000000000e0 is an unknown value
R10=0x0000000017edc270 is pointing into the stack for thread: 0x0000000016438000
R11=0x0000000017edc130 is pointing into the stack for thread: 0x0000000016438000
R12=0x000000001d348080 is an unknown value
R13=0x0000000017edc560 is pointing into the stack for thread: 0x0000000016438000
R14=0x00000000590e0000 is an unknown value
R15=0x00000000598a5090 is an unknown value


Stack: [0x0000000017de0000,0x0000000017ee0000],  sp=0x0000000017edc0d0,  free space=1008k
Native frames: (J=compiled Java code, j=interpreted, Vv=VM code, C=native code)
V  [jvm.dll+0x468bb7]
V  [jvm.dll+0x4690d3]
V  [jvm.dll+0x43487a]
V  [jvm.dll+0x43f76b]
V  [jvm.dll+0x44203e]
V  [jvm.dll+0x4250b2]
V  [jvm.dll+0x814c8]
V  [jvm.dll+0x81dff]
V  [jvm.dll+0x21d2df]
V  [jvm.dll+0x26d7ea]
C  [msvcr100.dll+0x21d9f]
C  [msvcr100.dll+0x21e3b]
C  [kernel32.dll+0x159cd]
C  [ntdll.dll+0x5383d]


Current CompileTask:
C2:   7597 3372   !   4       java.lang.reflect.Executable::sharedToString (102 bytes)


---------------  P R O C E S S  ---------------

Java Threads: ( => current thread )
  0x000000001946b000 JavaThread "Memory manager" [_thread_blocked, id=2912, stack(0x0000000020e60000,0x0000000020f60000)]
  0x0000000019468000 JavaThread "build operations Thread 4" [_thread_blocked, id=3500, stack(0x00000000206c0000,0x00000000207c0000)]
  0x0000000019467000 JavaThread "build operations Thread 3" [_thread_blocked, id=5440, stack(0x0000000020400000,0x0000000020500000)]
  0x0000000019466800 JavaThread "build operations Thread 2" [_thread_blocked, id=5816, stack(0x00000000202b0000,0x00000000203b0000)]
  0x0000000019465800 JavaThread "build operations" [_thread_blocked, id=1240, stack(0x0000000020190000,0x0000000020290000)]
  0x0000000019464000 JavaThread "Cache worker for Artifact transforms cache (C:\Users\Alex\.gradle\caches\transforms-1)" [_thread_blocked, id=1192, stack(0x000000001ec00000,0x000000001ed00000)]
  0x0000000019460800 JavaThread "Cache worker for file hash cache (D:\GitHubProjects\AndroidTraining\CriminalIntent\.gradle\4.4\fileHashes)" [_thread_blocked, id=2840, stack(0x000000001e6d0000,0x000000001e7d0000)]
  0x000000001945f800 JavaThread "File lock request listener" [_thread_in_native, id=3788, stack(0x00000000184e0000,0x00000000185e0000)]
  0x0000000019cdb000 JavaThread "Cache worker for file hash cache (C:\Users\Alex\.gradle\caches\4.4\fileHashes)" [_thread_blocked, id=4532, stack(0x000000001af30000,0x000000001b030000)]
  0x0000000019bb3000 JavaThread "Stdin handler" [_thread_blocked, id=5328, stack(0x000000001b050000,0x000000001b150000)]
  0x0000000019ba4800 JavaThread "Asynchronous log dispatcher for DefaultDaemonConnection: socket connection from /127.0.0.1:50797 to /127.0.0.1:50798" [_thread_blocked, id=4796, stack(0x000000001ae00000,0x000000001af00000)]
  0x0000000019ba0800 JavaThread "Daemon worker" [_thread_in_vm, id=4976, stack(0x000000001a7e0000,0x000000001a8e0000)]
  0x0000000019b9f000 JavaThread "Cancel handler" [_thread_blocked, id=5404, stack(0x000000001acf0000,0x000000001adf0000)]
  0x0000000019b87800 JavaThread "Handler for socket connection from /127.0.0.1:50797 to /127.0.0.1:50798" [_thread_in_native, id=188, stack(0x0000000017c80000,0x0000000017d80000)]
  0x0000000019b7e800 JavaThread "Daemon" [_thread_blocked, id=912, stack(0x000000001a8f0000,0x000000001a9f0000)]
  0x0000000019afb800 JavaThread "Daemon periodic checks" [_thread_blocked, id=2132, stack(0x000000001a6d0000,0x000000001a7d0000)]
  0x0000000019aed800 JavaThread "Incoming local TCP Connector on port 50797" [_thread_in_native, id=2336, stack(0x000000001a550000,0x000000001a650000)]
  0x0000000017f53000 JavaThread "Service Thread" daemon [_thread_blocked, id=5092, stack(0x00000000185e0000,0x00000000186e0000)]
  0x0000000017f16000 JavaThread "C1 CompilerThread2" daemon [_thread_blocked, id=4064, stack(0x0000000017750000,0x0000000017850000)]
  0x0000000017ee1000 JavaThread "C2 CompilerThread1" daemon [_thread_in_native, id=5148, stack(0x00000000183b0000,0x00000000184b0000)]
=>0x0000000016438000 JavaThread "C2 CompilerThread0" daemon [_thread_in_native, id=3144, stack(0x0000000017de0000,0x0000000017ee0000)]
  0x0000000016430000 JavaThread "Attach Listener" daemon [_thread_blocked, id=3308, stack(0x0000000017b70000,0x0000000017c70000)]
  0x000000001642e800 JavaThread "Signal Dispatcher" daemon [_thread_blocked, id=4632, stack(0x0000000017a60000,0x0000000017b60000)]
  0x0000000016418000 JavaThread "Finalizer" daemon [_thread_blocked, id=4500, stack(0x0000000017870000,0x0000000017970000)]
  0x00000000163d1000 JavaThread "Reference Handler" daemon [_thread_blocked, id=4440, stack(0x0000000017500000,0x0000000017600000)]
  0x000000000230e800 JavaThread "main" [_thread_blocked, id=5340, stack(0x00000000023a0000,0x00000000024a0000)]

Other Threads:
  0x00000000163c9800 VMThread [stack: 0x0000000017620000,0x0000000017720000] [id=6108]
  0x0000000017f84000 WatcherThread [stack: 0x0000000018730000,0x0000000018830000] [id=5140]

VM state:not at safepoint (normal execution)

VM Mutex/Monitor currently owned by a thread: None

Heap:
 PSYoungGen      total 272896K, used 50130K [0x00000000e0000000, 0x00000000f4300000, 0x0000000100000000)
  eden space 262144K, 19% used [0x00000000e0000000,0x00000000e30f4aa8,0x00000000f0000000)
  from space 10752K, 0% used [0x00000000f0000000,0x00000000f0000000,0x00000000f0a80000)
  to   space 13312K, 0% used [0x00000000f3600000,0x00000000f3600000,0x00000000f4300000)
 ParOldGen       total 152576K, used 16283K [0x00000000a0000000, 0x00000000a9500000, 0x00000000e0000000)
  object space 152576K, 10% used [0x00000000a0000000,0x00000000a0fe6e98,0x00000000a9500000)
 Metaspace       used 36543K, capacity 37194K, committed 37248K, reserved 1081344K
  class space    used 5011K, capacity 5237K, committed 5248K, reserved 1048576K

Card table byte_map: [0x0000000011bc0000,0x0000000011ed0000] byte_map_base: 0x00000000116c0000

Marking Bits: (ParMarkBitMap*) 0x00000000598a4970
 Begin Bits: [0x0000000012740000, 0x0000000013f40000)
 End Bits:   [0x0000000013f40000, 0x0000000015740000)

Polling page: 0x0000000000330000

CodeCache: size=245760Kb used=11292Kb max_used=11292Kb free=234467Kb
 bounds [0x0000000002800000, 0x0000000003310000, 0x0000000011800000]
 total_blobs=4068 nmethods=3365 adapters=615
 compilation: enabled

Compilation events (10 events):
Event: 7.582 Thread 0x0000000017f16000 nmethod 3548 0x00000000032f8a50 code [0x00000000032f8bc0, 0x00000000032f8e90]
Event: 7.582 Thread 0x0000000017f16000 3549       3       org.gradle.model.internal.manage.schema.cache.MultiWeakClassSet$1::apply (9 bytes)
Event: 7.582 Thread 0x0000000017f16000 nmethod 3549 0x00000000032f9010 code [0x00000000032f91a0, 0x00000000032f9628]
Event: 7.582 Thread 0x0000000017f16000 3550       3       com.google.common.collect.Iterables::addAll (37 bytes)
Event: 7.583 Thread 0x0000000017f16000 nmethod 3550 0x00000000032f97d0 code [0x00000000032f99a0, 0x00000000032fa098]
Event: 7.584 Thread 0x0000000017f16000 3551       3       sun.reflect.generics.parser.SignatureParser::parseBaseType (205 bytes)
Event: 7.584 Thread 0x0000000017f16000 nmethod 3551 0x00000000032fa2d0 code [0x00000000032fa520, 0x00000000032fab48]
Event: 7.584 Thread 0x0000000017f16000 3552       3       sun.reflect.misc.ReflectUtil::conservativeCheckMemberAccess (51 bytes)
Event: 7.585 Thread 0x0000000017f16000 nmethod 3552 0x00000000032fadd0 code [0x00000000032fafe0, 0x00000000032fb958]
Event: 7.585 Thread 0x0000000017f16000 3553       3       com.google.common.collect.ImmutableSortedMap::fromEntries (65 bytes)

GC Heap History (10 events):
Event: 4.195 GC heap before
{Heap before GC invocations=3 (full 0):
 PSYoungGen      total 141824K, used 33123K [0x00000000e0000000, 0x00000000e9500000, 0x0000000100000000)
  eden space 131072K, 17% used [0x00000000e0000000,0x00000000e1611970,0x00000000e8000000)
  from space 10752K, 97% used [0x00000000e8a80000,0x00000000e94c7660,0x00000000e9500000)
  to   space 10752K, 0% used [0x00000000e8000000,0x00000000e8000000,0x00000000e8a80000)
 ParOldGen       total 175104K, used 24K [0x00000000a0000000, 0x00000000aab00000, 0x00000000e0000000)
  object space 175104K, 0% used [0x00000000a0000000,0x00000000a0006000,0x00000000aab00000)
 Metaspace       used 20814K, capacity 21196K, committed 21248K, reserved 1067008K
  class space    used 2916K, capacity 3042K, committed 3072K, reserved 1048576K
Event: 4.223 GC heap after
Heap after GC invocations=3 (full 0):
 PSYoungGen      total 141824K, used 8873K [0x00000000e0000000, 0x00000000f1500000, 0x0000000100000000)
  eden space 131072K, 0% used [0x00000000e0000000,0x00000000e0000000,0x00000000e8000000)
  from space 10752K, 82% used [0x00000000e8000000,0x00000000e88aa590,0x00000000e8a80000)
  to   space 10752K, 0% used [0x00000000f0a80000,0x00000000f0a80000,0x00000000f1500000)
 ParOldGen       total 175104K, used 32K [0x00000000a0000000, 0x00000000aab00000, 0x00000000e0000000)
  object space 175104K, 0% used [0x00000000a0000000,0x00000000a0008000,0x00000000aab00000)
 Metaspace       used 20814K, capacity 21196K, committed 21248K, reserved 1067008K
  class space    used 2916K, capacity 3042K, committed 3072K, reserved 1048576K
}
Event: 4.223 GC heap before
{Heap before GC invocations=4 (full 1):
 PSYoungGen      total 141824K, used 8873K [0x00000000e0000000, 0x00000000f1500000, 0x0000000100000000)
  eden space 131072K, 0% used [0x00000000e0000000,0x00000000e0000000,0x00000000e8000000)
  from space 10752K, 82% used [0x00000000e8000000,0x00000000e88aa590,0x00000000e8a80000)
  to   space 10752K, 0% used [0x00000000f0a80000,0x00000000f0a80000,0x00000000f1500000)
 ParOldGen       total 175104K, used 32K [0x00000000a0000000, 0x00000000aab00000, 0x00000000e0000000)
  object space 175104K, 0% used [0x00000000a0000000,0x00000000a0008000,0x00000000aab00000)
 Metaspace       used 20814K, capacity 21196K, committed 21248K, reserved 1067008K
  class space    used 2916K, capacity 3042K, committed 3072K, reserved 1048576K
Event: 4.332 GC heap after
Heap after GC invocations=4 (full 1):
 PSYoungGen      total 141824K, used 0K [0x00000000e0000000, 0x00000000f1500000, 0x0000000100000000)
  eden space 131072K, 0% used [0x00000000e0000000,0x00000000e0000000,0x00000000e8000000)
  from space 10752K, 0% used [0x00000000e8000000,0x00000000e8000000,0x00000000e8a80000)
  to   space 10752K, 0% used [0x00000000f0a80000,0x00000000f0a80000,0x00000000f1500000)
 ParOldGen       total 101888K, used 8648K [0x00000000a0000000, 0x00000000a6380000, 0x00000000e0000000)
  object space 101888K, 8% used [0x00000000a0000000,0x00000000a0872128,0x00000000a6380000)
 Metaspace       used 20814K, capacity 21196K, committed 21248K, reserved 1067008K
  class space    used 2916K, capacity 3042K, committed 3072K, reserved 1048576K
}
Event: 6.870 GC heap before
{Heap before GC invocations=5 (full 1):
 PSYoungGen      total 141824K, used 131072K [0x00000000e0000000, 0x00000000f1500000, 0x0000000100000000)
  eden space 131072K, 100% used [0x00000000e0000000,0x00000000e8000000,0x00000000e8000000)
  from space 10752K, 0% used [0x00000000e8000000,0x00000000e8000000,0x00000000e8a80000)
  to   space 10752K, 0% used [0x00000000f0a80000,0x00000000f0a80000,0x00000000f1500000)
 ParOldGen       total 101888K, used 8648K [0x00000000a0000000, 0x00000000a6380000, 0x00000000e0000000)
  object space 101888K, 8% used [0x00000000a0000000,0x00000000a0872128,0x00000000a6380000)
 Metaspace       used 29940K, capacity 30466K, committed 30592K, reserved 1075200K
  class space    used 4208K, capacity 4394K, committed 4480K, reserved 1048576K
Event: 6.885 GC heap after
Heap after GC invocations=5 (full 1):
 PSYoungGen      total 210432K, used 10742K [0x00000000e0000000, 0x00000000f1500000, 0x0000000100000000)
  eden space 199680K, 0% used [0x00000000e0000000,0x00000000e0000000,0x00000000ec300000)
  from space 10752K, 99% used [0x00000000f0a80000,0x00000000f14fda48,0x00000000f1500000)
  to   space 10752K, 0% used [0x00000000f0000000,0x00000000f0000000,0x00000000f0a80000)
 ParOldGen       total 101888K, used 11107K [0x00000000a0000000, 0x00000000a6380000, 0x00000000e0000000)
  object space 101888K, 10% used [0x00000000a0000000,0x00000000a0ad8d18,0x00000000a6380000)
 Metaspace       used 29940K, capacity 30466K, committed 30592K, reserved 1075200K
  class space    used 4208K, capacity 4394K, committed 4480K, reserved 1048576K
}
Event: 7.167 GC heap before
{Heap before GC invocations=6 (full 1):
 PSYoungGen      total 210432K, used 37866K [0x00000000e0000000, 0x00000000f1500000, 0x0000000100000000)
  eden space 199680K, 13% used [0x00000000e0000000,0x00000000e1a7cfe8,0x00000000ec300000)
  from space 10752K, 99% used [0x00000000f0a80000,0x00000000f14fda48,0x00000000f1500000)
  to   space 10752K, 0% used [0x00000000f0000000,0x00000000f0000000,0x00000000f0a80000)
 ParOldGen       total 101888K, used 11107K [0x00000000a0000000, 0x00000000a6380000, 0x00000000e0000000)
  object space 101888K, 10% used [0x00000000a0000000,0x00000000a0ad8d18,0x00000000a6380000)
 Metaspace       used 34723K, capacity 35274K, committed 35416K, reserved 1079296K
  class space    used 4790K, capacity 5003K, committed 5120K, reserved 1048576K
Event: 7.175 GC heap after
Heap after GC invocations=6 (full 1):
 PSYoungGen      total 272896K, used 9626K [0x00000000e0000000, 0x00000000f4300000, 0x0000000100000000)
  eden space 262144K, 0% used [0x00000000e0000000,0x00000000e0000000,0x00000000f0000000)
  from space 10752K, 89% used [0x00000000f0000000,0x00000000f0966bb0,0x00000000f0a80000)
  to   space 13312K, 0% used [0x00000000f3600000,0x00000000f3600000,0x00000000f4300000)
 ParOldGen       total 101888K, used 11115K [0x00000000a0000000, 0x00000000a6380000, 0x00000000e0000000)
  object space 101888K, 10% used [0x00000000a0000000,0x00000000a0adad18,0x00000000a6380000)
 Metaspace       used 34723K, capacity 35274K, committed 35416K, reserved 1079296K
  class space    used 4790K, capacity 5003K, committed 5120K, reserved 1048576K
}
Event: 7.175 GC heap before
{Heap before GC invocations=7 (full 2):
 PSYoungGen      total 272896K, used 9626K [0x00000000e0000000, 0x00000000f4300000, 0x0000000100000000)
  eden space 262144K, 0% used [0x00000000e0000000,0x00000000e0000000,0x00000000f0000000)
  from space 10752K, 89% used [0x00000000f0000000,0x00000000f0966bb0,0x00000000f0a80000)
  to   space 13312K, 0% used [0x00000000f3600000,0x00000000f3600000,0x00000000f4300000)
 ParOldGen       total 101888K, used 11115K [0x00000000a0000000, 0x00000000a6380000, 0x00000000e0000000)
  object space 101888K, 10% used [0x00000000a0000000,0x00000000a0adad18,0x00000000a6380000)
 Metaspace       used 34723K, capacity 35274K, committed 35416K, reserved 1079296K
  class space    used 4790K, capacity 5003K, committed 5120K, reserved 1048576K
Event: 7.224 GC heap after
Heap after GC invocations=7 (full 2):
 PSYoungGen      total 272896K, used 0K [0x00000000e0000000, 0x00000000f4300000, 0x0000000100000000)
  eden space 262144K, 0% used [0x00000000e0000000,0x00000000e0000000,0x00000000f0000000)
  from space 10752K, 0% used [0x00000000f0000000,0x00000000f0000000,0x00000000f0a80000)
  to   space 13312K, 0% used [0x00000000f3600000,0x00000000f3600000,0x00000000f4300000)
 ParOldGen       total 152576K, used 16283K [0x00000000a0000000, 0x00000000a9500000, 0x00000000e0000000)
  object space 152576K, 10% used [0x00000000a0000000,0x00000000a0fe6e98,0x00000000a9500000)
 Metaspace       used 34723K, capacity 35274K, committed 35416K, reserved 1079296K
  class space    used 4790K, capacity 5003K, committed 5120K, reserved 1048576K
}

Deoptimization events (10 events):
Event: 6.731 Thread 0x0000000019ba0800 Uncommon trap: reason=range_check action=make_not_entrant pc=0x00000000030811bc method=java.lang.String.charAt(I)C @ 27
Event: 6.885 Thread 0x00000000163d1000 Uncommon trap: reason=unstable_if action=reinterpret pc=0x0000000002d296f4 method=java.lang.ref.Reference.tryHandlePending(Z)Z @ 104
Event: 6.944 Thread 0x0000000019ba0800 Uncommon trap: reason=class_check action=maybe_recompile pc=0x0000000002f8a15c method=java.io.BufferedInputStream.read1([BII)I @ 39
Event: 6.944 Thread 0x0000000019ba0800 Uncommon trap: reason=class_check action=maybe_recompile pc=0x0000000002f8a15c method=java.io.BufferedInputStream.read1([BII)I @ 39
Event: 6.944 Thread 0x0000000019ba0800 Uncommon trap: reason=class_check action=maybe_recompile pc=0x0000000002f8a15c method=java.io.BufferedInputStream.read1([BII)I @ 39
Event: 7.299 Thread 0x0000000019ba0800 Uncommon trap: reason=unstable_if action=reinterpret pc=0x0000000002f6ad88 method=java.util.concurrent.ConcurrentHashMap.get(Ljava/lang/Object;)Ljava/lang/Object; @ 152
Event: 7.439 Thread 0x0000000019ba0800 Uncommon trap: reason=unstable_if action=reinterpret pc=0x0000000003060f78 method=java.util.HashMap.putVal(ILjava/lang/Object;Ljava/lang/Object;ZZ)Ljava/lang/Object; @ 162
Event: 7.440 Thread 0x0000000019ba0800 Uncommon trap: reason=unstable_if action=reinterpret pc=0x0000000002c31e7c method=java.util.HashMap.resize()[Ljava/util/HashMap$Node; @ 206
Event: 7.507 Thread 0x0000000019ba0800 Uncommon trap: reason=unstable_if action=reinterpret pc=0x00000000032630b4 method=java.lang.reflect.Modifier.toString(I)Ljava/lang/String; @ 123
Event: 7.507 Thread 0x0000000019ba0800 Uncommon trap: reason=unstable_if action=reinterpret pc=0x000000000325b9b0 method=java.lang.reflect.Modifier.toString(I)Ljava/lang/String; @ 123

Classes redefined (0 events):
No events

Internal exceptions (10 events):
Event: 6.767 Thread 0x0000000019ba0800 Exception <a 'java/lang/ClassNotFoundException': org/gradle/api/internal/AbstractTaskCustomizer> (0x00000000e7d26f20) thrown at [D:\src\AOSP-openjdk-cygwin\jdk8u\hotspot\src\share\vm\classfile\systemDictionary.cpp, line 210]
Event: 6.771 Thread 0x0000000019ba0800 Exception <a 'java/lang/ClassNotFoundException': org/gradle/api/DefaultTaskCustomizer> (0x00000000e7daeca8) thrown at [D:\src\AOSP-openjdk-cygwin\jdk8u\hotspot\src\share\vm\classfile\systemDictionary.cpp, line 210]
Event: 6.772 Thread 0x0000000019ba0800 Exception <a 'java/lang/ClassNotFoundException': org/gradle/api/internal/ConventionTaskCustomizer> (0x00000000e7de84e0) thrown at [D:\src\AOSP-openjdk-cygwin\jdk8u\hotspot\src\share\vm\classfile\systemDictionary.cpp, line 210]
Event: 6.774 Thread 0x0000000019ba0800 Exception <a 'java/lang/ClassNotFoundException': org/gradle/api/tasks/DeleteCustomizer> (0x00000000e7e1fc20) thrown at [D:\src\AOSP-openjdk-cygwin\jdk8u\hotspot\src\share\vm\classfile\systemDictionary.cpp, line 210]
Event: 6.776 Thread 0x0000000019ba0800 Exception <a 'java/lang/ClassNotFoundException': org/gradle/api/tasks/Delete_DecoratedCustomizer> (0x00000000e7e64d18) thrown at [D:\src\AOSP-openjdk-cygwin\jdk8u\hotspot\src\share\vm\classfile\systemDictionary.cpp, line 210]
Event: 6.865 Thread 0x0000000019ba0800 Exception <a 'java/lang/ClassNotFoundException': build_16oyuead2dkd69c5v002wh3qiBeanInfo> (0x00000000e7f73a30) thrown at [D:\src\AOSP-openjdk-cygwin\jdk8u\hotspot\src\share\vm\classfile\systemDictionary.cpp, line 210]
Event: 6.865 Thread 0x0000000019ba0800 Exception <a 'java/lang/ClassNotFoundException': build_16oyuead2dkd69c5v002wh3qiCustomizer> (0x00000000e7f7dee8) thrown at [D:\src\AOSP-openjdk-cygwin\jdk8u\hotspot\src\share\vm\classfile\systemDictionary.cpp, line 210]
Event: 6.869 Thread 0x0000000019ba0800 Exception <a 'java/lang/ClassNotFoundException': org/gradle/api/internal/plugins/DefaultObjectConfigurationActionBeanInfo> (0x00000000e7fe2ff0) thrown at [D:\src\AOSP-openjdk-cygwin\jdk8u\hotspot\src\share\vm\classfile\systemDictionary.cpp, line 210]
Event: 6.885 Thread 0x0000000019ba0800 Exception <a 'java/lang/ClassNotFoundException': org/gradle/api/internal/plugins/DefaultObjectConfigurationActionCustomizer> (0x00000000e0019320) thrown at [D:\src\AOSP-openjdk-cygwin\jdk8u\hotspot\src\share\vm\classfile\systemDictionary.cpp, line 210]
Event: 7.286 Thread 0x0000000019ba0800 Exception <a 'sun/nio/fs/WindowsException'> (0x00000000e03fc9e8) thrown at [D:\src\AOSP-openjdk-cygwin\jdk8u\hotspot\src\share\vm\prims\jni.cpp, line 709]

Events (10 events):
Event: 7.533 loading class org/apache/tools/ant/types/Reference
Event: 7.533 loading class org/apache/tools/ant/types/Reference done
Event: 7.533 loading class org/apache/tools/ant/Location
Event: 7.533 loading class org/apache/tools/ant/Location done
Event: 7.540 loading class org/apache/tools/ant/input/InputRequest
Event: 7.540 loading class org/apache/tools/ant/input/InputRequest done
Event: 7.545 loading class org/apache/tools/ant/taskdefs/condition/Condition
Event: 7.545 loading class org/apache/tools/ant/taskdefs/condition/Condition done
Event: 7.567 loading class org/gradle/api/artifacts/type/ArtifactTypeDefinition
Event: 7.567 loading class org/gradle/api/artifacts/type/ArtifactTypeDefinition done


Dynamic libraries:
0x000000013f460000 - 0x000000013f491000 	C:\Program Files\Android\Android Studio\jre\bin\java.exe
0x0000000076ff0000 - 0x000000007718f000 	C:\Windows\SYSTEM32\ntdll.dll
0x0000000076ed0000 - 0x0000000076fef000 	C:\Windows\system32\kernel32.dll
0x000007fefcbc0000 - 0x000007fefcc2a000 	C:\Windows\system32\KERNELBASE.dll
0x000007fefec30000 - 0x000007fefed0b000 	C:\Windows\system32\ADVAPI32.dll
0x000007fefd050000 - 0x000007fefd0ef000 	C:\Windows\system32\msvcrt.dll
0x000007fefd030000 - 0x000007fefd04f000 	C:\Windows\SYSTEM32\sechost.dll
0x000007feff0a0000 - 0x000007feff1cd000 	C:\Windows\system32\RPCRT4.dll
0x0000000076dd0000 - 0x0000000076eca000 	C:\Windows\system32\USER32.dll
0x000007fefef90000 - 0x000007fefeff7000 	C:\Windows\system32\GDI32.dll
0x000007fefec20000 - 0x000007fefec2e000 	C:\Windows\system32\LPK.dll
0x000007fefe680000 - 0x000007fefe74b000 	C:\Windows\system32\USP10.dll
0x000007fefb460000 - 0x000007fefb654000 	C:\Windows\WinSxS\amd64_microsoft.windows.common-controls_6595b64144ccf1df_6.0.7601.18837_none_fa3b1e3d17594757\COMCTL32.dll
0x000007fefd120000 - 0x000007fefd191000 	C:\Windows\system32\SHLWAPI.dll
0x000007fefd0f0000 - 0x000007fefd11e000 	C:\Windows\system32\IMM32.DLL
0x000007feff1d0000 - 0x000007feff2d9000 	C:\Windows\system32\MSCTF.dll
0x00000000555f0000 - 0x00000000556c2000 	C:\Program Files\Android\Android Studio\jre\jre\bin\msvcr100.dll
0x00000000590e0000 - 0x000000005991f000 	C:\Program Files\Android\Android Studio\jre\jre\bin\server\jvm.dll
0x000007fee0210000 - 0x000007fee0219000 	C:\Windows\system32\WSOCK32.dll
0x000007fefef40000 - 0x000007fefef8d000 	C:\Windows\system32\WS2_32.dll
0x000007fefec10000 - 0x000007fefec18000 	C:\Windows\system32\NSI.dll
0x000007fef4680000 - 0x000007fef46bb000 	C:\Windows\system32\WINMM.dll
0x000007fefbc70000 - 0x000007fefbc7c000 	C:\Windows\system32\VERSION.dll
0x0000000077190000 - 0x0000000077197000 	C:\Windows\system32\PSAPI.DLL
0x000007fef9de0000 - 0x000007fef9def000 	C:\Program Files\Android\Android Studio\jre\jre\bin\verify.dll
0x000007fef9db0000 - 0x000007fef9dd9000 	C:\Program Files\Android\Android Studio\jre\jre\bin\java.dll
0x000007fef9d90000 - 0x000007fef9da6000 	C:\Program Files\Android\Android Studio\jre\jre\bin\zip.dll
0x000007fefd440000 - 0x000007fefe1cb000 	C:\Windows\system32\SHELL32.dll
0x000007fefd1a0000 - 0x000007fefd39d000 	C:\Windows\system32\ole32.dll
0x000007fefcba0000 - 0x000007fefcbaf000 	C:\Windows\system32\profapi.dll
0x000007fef9d70000 - 0x000007fef9d8a000 	C:\Program Files\Android\Android Studio\jre\jre\bin\net.dll
0x000007fefc360000 - 0x000007fefc3b5000 	C:\Windows\system32\mswsock.dll
0x000007fefc350000 - 0x000007fefc357000 	C:\Windows\System32\wship6.dll
0x000007fef9d50000 - 0x000007fef9d61000 	C:\Program Files\Android\Android Studio\jre\jre\bin\nio.dll
0x000007feea360000 - 0x000007feea37e000 	C:\Users\Alex\.gradle\native\25\windows-amd64\native-platform.dll
0x000007fef9cf0000 - 0x000007fef9cfd000 	C:\Program Files\Android\Android Studio\jre\jre\bin\management.dll
0x000007fefc3c0000 - 0x000007fefc3d8000 	C:\Windows\system32\CRYPTSP.dll
0x000007fefc080000 - 0x000007fefc0c7000 	C:\Windows\system32\rsaenh.dll
0x000007fefcc40000 - 0x000007fefcc5e000 	C:\Windows\system32\USERENV.dll
0x000007fefca30000 - 0x000007fefca3f000 	C:\Windows\system32\CRYPTBASE.dll
0x000007fef8f90000 - 0x000007fef8fb7000 	C:\Windows\system32\IPHLPAPI.DLL
0x000007fef8f80000 - 0x000007fef8f8b000 	C:\Windows\system32\WINNSI.DLL
0x000007fef8470000 - 0x000007fef8488000 	C:\Windows\system32\dhcpcsvc.DLL
0x000007fef83e0000 - 0x000007fef83f1000 	C:\Windows\system32\dhcpcsvc6.DLL
0x000007fedd9d0000 - 0x000007feddaf5000 	C:\Windows\system32\dbghelp.dll

VM Arguments:
jvm_args: -Xmx1536m -Dfile.encoding=windows-1251 -Duser.country=RU -Duser.language=ru -Duser.variant 
java_command: org.gradle.launcher.daemon.bootstrap.GradleDaemon 4.4
java_class_path (initial): C:\Users\Alex\.gradle\wrapper\dists\gradle-4.4-all\9br9xq1tocpiv8o6njlyu5op1\gradle-4.4\lib\gradle-launcher-4.4.jar
Launcher Type: SUN_STANDARD

Environment Variables:
PATH=C:\ProgramData\Oracle\Java\javapath;C:\Program Files (x86)\Intel\iCLS Client\;C:\Program Files\Intel\iCLS Client\;C:\Windows\system32;C:\Windows;C:\Windows\System32\Wbem;C:\Windows\System32\WindowsPowerShell\v1.0\;C:\Program Files (x86)\Intel\Intel(R) Management Engine Components\DAL;C:\Program Files\Intel\Intel(R) Management Engine Components\DAL;C:\Program Files (x86)\Intel\Intel(R) Management Engine Components\IPT;C:\Program Files\Intel\Intel(R) Management Engine Components\IPT;C:\Program Files (x86)\Git\cmd;C:\Program Files\Calibre2\;C:\Program Files (x86)\Skype\Phone\;c:\Program Files (x86)\Microsoft SQL Server\110\Tools\Binn\;c:\Program Files\Microsoft SQL Server\110\Tools\Binn\;c:\Program Files\Microsoft SQL Server\110\DTS\Binn\;c:\Program Files (x86)\Microsoft SQL Server\110\Tools\Binn\ManagementStudio\;c:\Program Files (x86)\Microsoft SQL Server\110\DTS\Binn\;C:\Program Files (x86)\GitExtensions\
USERNAME=Alex
OS=Windows_NT
PROCESSOR_IDENTIFIER=Intel64 Family 6 Model 94 Stepping 3, GenuineIntel



---------------  S Y S T E M  ---------------

OS: Windows 7 , 64 bit Build 7601 (6.1.7601.24214)

CPU:total 4 (initial active 4) (2 cores per cpu, 2 threads per core) family 6 model 94 stepping 3, cmov, cx8, fxsr, mmx, sse, sse2, sse3, ssse3, sse4.1, sse4.2, popcnt, avx, avx2, aes, clmul, erms, 3dnowpref, lzcnt, ht, tsc, tscinvbit, bmi1, bmi2, adx

Memory: 4k page, physical 16662644k(10325624k free), swap 18757896k(10585712k free)

vm_info: OpenJDK 64-Bit Server VM (25.152-b02) for windows-amd64 JRE (1.8.0_152-release-1024-b02), built by "builder" with MS VC++ 10.0 (VS2010)

time: Tue Sep 04 22:40:19 2018
elapsed time: 7 seconds (0d 0h 0m 7s)

