#
# A fatal error has been detected by the Java Runtime Environment:
#
#  EXCEPTION_ACCESS_VIOLATION (0xc0000005) at pc=0x0000000059548be6, pid=2740, tid=0x00000000000009c8
#
# JRE version: OpenJDK Runtime Environment (8.0_152-b02) (build 1.8.0_152-release-1024-b02)
# Java VM: OpenJDK 64-Bit Server VM (25.152-b02 mixed mode windows-amd64 compressed oops)
# Problematic frame:
# V  [jvm.dll+0x468be6]
#
# Failed to write core dump. Minidumps are not enabled by default on client versions of Windows
#
# If you would like to submit a bug report, please visit:
#   http://bugreport.java.com/bugreport/crash.jsp
#

---------------  T H R E A D  ---------------

Current thread (0x000000001649f800):  JavaThread "C2 CompilerThread1" daemon [_thread_in_native, id=2504, stack(0x0000000017ca0000,0x0000000017da0000)]

siginfo: ExceptionCode=0xc0000005, reading address 0xffffffffffffffff

Registers:
RAX=0x000000001ffd0420, RBX=0x0000000000000006, RCX=0x0000000000000003, RDX=0x0000000000000003
RSP=0x0000000017d9be80, RBP=0x0000000000011c60, RSI=0x000000000000028a, RDI=0x000000001ffd0410
R8 =0x0000000000000040, R9 =0x02000000598a5090, R10=0x0000000017d9c1f0, R11=0x0000000017d9bee0
R12=0x000000001bc635a0, R13=0x0000000017d9c4e0, R14=0x00000000590e0000, R15=0x00000000598a5090
RIP=0x0000000059548be6, EFLAGS=0x0000000000010202

Top of Stack: (sp=0x0000000017d9be80)
0x0000000017d9be80:   0000000000000035 0000000000000015
0x0000000017d9be90:   0000000000011c60 000000000000028a
0x0000000017d9bea0:   0000026700000109 0000000000000004
0x0000000017d9beb0:   000000001b78a460 0000000000000003
0x0000000017d9bec0:   0000000017d9c070 0000000000000006
0x0000000017d9bed0:   0000000017d9c060 00000000595844b4
0x0000000017d9bee0:   0000000000000007 0000000018b7a0d0
0x0000000017d9bef0:   000000001d448cc0 0000000017d9c4e0
0x0000000017d9bf00:   0000000017d9c4e0 000000005954a098
0x0000000017d9bf10:   0000000000011c60 000000001bc75238
0x0000000017d9bf20:   0000000017d9c010 000000001bc64de8
0x0000000017d9bf30:   0000001700000000 0000000000000023
0x0000000017d9bf40:   0000000018b7a0d0 0000028a00000000
0x0000000017d9bf50:   0000001600000022 000000000000000d
0x0000000017d9bf60:   0000000005055455 0000000000000000
0x0000000017d9bf70:   0000000000000000 0000000000000000 

Instructions: (pc=0x0000000059548be6)
0x0000000059548bc6:   26 44 00 00 4c 8b c8 8b d3 83 e3 1f 41 b8 01 00
0x0000000059548bd6:   00 00 c1 ea 05 0f b6 cb 83 e2 07 41 d3 e0 8b ca
0x0000000059548be6:   41 8b 14 91 8b c2 41 0b c0 41 89 04 89 41 85 d0
0x0000000059548bf6:   0f 85 a4 fe ff ff ff 07 e9 9d fe ff ff 48 8b bc 


Register to memory mapping:

RAX=0x000000001ffd0420 is an unknown value
RBX=0x0000000000000006 is an unknown value
RCX=0x0000000000000003 is an unknown value
RDX=0x0000000000000003 is an unknown value
RSP=0x0000000017d9be80 is pointing into the stack for thread: 0x000000001649f800
RBP=0x0000000000011c60 is an unknown value
RSI=0x000000000000028a is an unknown value
RDI=0x000000001ffd0410 is an unknown value
R8 =0x0000000000000040 is an unknown value
R9 =0x02000000598a5090 is an unknown value
R10=0x0000000017d9c1f0 is pointing into the stack for thread: 0x000000001649f800
R11=0x0000000017d9bee0 is pointing into the stack for thread: 0x000000001649f800
R12=0x000000001bc635a0 is an unknown value
R13=0x0000000017d9c4e0 is pointing into the stack for thread: 0x000000001649f800
R14=0x00000000590e0000 is an unknown value
R15=0x00000000598a5090 is an unknown value


Stack: [0x0000000017ca0000,0x0000000017da0000],  sp=0x0000000017d9be80,  free space=1007k
Native frames: (J=compiled Java code, j=interpreted, Vv=VM code, C=native code)
V  [jvm.dll+0x468be6]
V  [jvm.dll+0x46a098]
V  [jvm.dll+0x434c88]
V  [jvm.dll+0x43f76b]
V  [jvm.dll+0x44203e]
V  [jvm.dll+0x4250b2]
V  [jvm.dll+0x814c8]
V  [jvm.dll+0x81dff]
V  [jvm.dll+0x21d2df]
V  [jvm.dll+0x26d7ea]
C  [msvcr100.dll+0x21d9f]
C  [msvcr100.dll+0x21e3b]
C  [kernel32.dll+0x159cd]
C  [ntdll.dll+0x5383d]


Current CompileTask:
C2:   5268 4658       4       org.objectweb.asm.Type::getDescriptor (87 bytes)


---------------  P R O C E S S  ---------------

Java Threads: ( => current thread )
  0x000000001bbec800 JavaThread "Memory manager" [_thread_blocked, id=1364, stack(0x0000000021a40000,0x0000000021b40000)]
  0x000000001bbea000 JavaThread "build operations Thread 4" [_thread_blocked, id=3904, stack(0x0000000021150000,0x0000000021250000)]
  0x000000001bbe9800 JavaThread "build operations Thread 3" [_thread_blocked, id=2340, stack(0x00000000212b0000,0x00000000213b0000)]
  0x000000001bbe8800 JavaThread "build operations Thread 2" [_thread_blocked, id=4688, stack(0x000000001eb90000,0x000000001ec90000)]
  0x000000001bbe8000 JavaThread "build operations" [_thread_blocked, id=5968, stack(0x000000001ea00000,0x000000001eb00000)]
  0x000000001bbe6800 JavaThread "Cache worker for Artifact transforms cache (C:\Users\Alex\.gradle\caches\transforms-1)" [_thread_blocked, id=3932, stack(0x0000000021660000,0x0000000021760000)]
  0x000000001bbf6800 JavaThread "Cache worker for file hash cache (D:\GitHubProjects\AndroidTraining\Patterns\.gradle\4.4\fileHashes)" [_thread_blocked, id=4228, stack(0x00000000176e0000,0x00000000177e0000)]
  0x000000001a0af000 JavaThread "File lock request listener" [_thread_in_native, id=3652, stack(0x000000001c130000,0x000000001c230000)]
  0x0000000019d0f000 JavaThread "Cache worker for file hash cache (C:\Users\Alex\.gradle\caches\4.4\fileHashes)" [_thread_blocked, id=4480, stack(0x00000000174a0000,0x00000000175a0000)]
  0x0000000019a17000 JavaThread "Stdin handler" [_thread_blocked, id=5140, stack(0x000000001ae10000,0x000000001af10000)]
  0x0000000019a41000 JavaThread "Asynchronous log dispatcher for DefaultDaemonConnection: socket connection from /127.0.0.1:50765 to /127.0.0.1:50766" [_thread_blocked, id=5448, stack(0x000000001ac90000,0x000000001ad90000)]
  0x0000000019a1a000 JavaThread "Daemon worker" [_thread_in_native, id=5360, stack(0x000000001aaf0000,0x000000001abf0000)]
  0x0000000019a3b000 JavaThread "Cancel handler" [_thread_blocked, id=5092, stack(0x000000001a9d0000,0x000000001aad0000)]
  0x000000001994e000 JavaThread "Handler for socket connection from /127.0.0.1:50765 to /127.0.0.1:50766" [_thread_in_native, id=4064, stack(0x00000000186e0000,0x00000000187e0000)]
  0x000000001994d800 JavaThread "Daemon" [_thread_blocked, id=5148, stack(0x000000001a2d0000,0x000000001a3d0000)]
  0x00000000193d9800 JavaThread "Daemon periodic checks" [_thread_blocked, id=3308, stack(0x000000001a6c0000,0x000000001a7c0000)]
  0x00000000199cc800 JavaThread "Incoming local TCP Connector on port 50765" [_thread_in_native, id=3144, stack(0x000000001a570000,0x000000001a670000)]
  0x00000000180bb800 JavaThread "Service Thread" daemon [_thread_blocked, id=4440, stack(0x00000000185d0000,0x00000000186d0000)]
  0x0000000018052000 JavaThread "C1 CompilerThread2" daemon [_thread_blocked, id=6108, stack(0x00000000184a0000,0x00000000185a0000)]
=>0x000000001649f800 JavaThread "C2 CompilerThread1" daemon [_thread_in_native, id=2504, stack(0x0000000017ca0000,0x0000000017da0000)]
  0x0000000016498000 JavaThread "C2 CompilerThread0" daemon [_thread_in_native, id=5912, stack(0x0000000017f50000,0x0000000018050000)]
  0x0000000016490000 JavaThread "Attach Listener" daemon [_thread_blocked, id=5048, stack(0x0000000017da0000,0x0000000017ea0000)]
  0x000000001648e800 JavaThread "Signal Dispatcher" daemon [_thread_blocked, id=3896, stack(0x0000000017b30000,0x0000000017c30000)]
  0x0000000016478000 JavaThread "Finalizer" daemon [_thread_blocked, id=2772, stack(0x00000000179c0000,0x0000000017ac0000)]
  0x0000000016431000 JavaThread "Reference Handler" daemon [_thread_blocked, id=5340, stack(0x00000000177f0000,0x00000000178f0000)]
  0x000000000233e800 JavaThread "main" [_thread_blocked, id=4632, stack(0x00000000026e0000,0x00000000027e0000)]

Other Threads:
  0x0000000016429800 VMThread [stack: 0x00000000175a0000,0x00000000176a0000] [id=5616]
  0x00000000180cc800 WatcherThread [stack: 0x00000000187e0000,0x00000000188e0000] [id=4500]

VM state:not at safepoint (normal execution)

VM Mutex/Monitor currently owned by a thread: None

Heap:
 PSYoungGen      total 272896K, used 181220K [0x00000000e0000000, 0x00000000f6780000, 0x0000000100000000)
  eden space 262144K, 69% used [0x00000000e0000000,0x00000000eb0f92e8,0x00000000f0000000)
  from space 10752K, 0% used [0x00000000f0000000,0x00000000f0000000,0x00000000f0a80000)
  to   space 13312K, 0% used [0x00000000f5a80000,0x00000000f5a80000,0x00000000f6780000)
 ParOldGen       total 141312K, used 16464K [0x00000000a0000000, 0x00000000a8a00000, 0x00000000e0000000)
  object space 141312K, 11% used [0x00000000a0000000,0x00000000a1014198,0x00000000a8a00000)
 Metaspace       used 48131K, capacity 49258K, committed 49368K, reserved 1091584K
  class space    used 6545K, capacity 6858K, committed 6912K, reserved 1048576K

Card table byte_map: [0x0000000011e70000,0x0000000012180000] byte_map_base: 0x0000000011970000

Marking Bits: (ParMarkBitMap*) 0x00000000598a4970
 Begin Bits: [0x00000000127a0000, 0x0000000013fa0000)
 End Bits:   [0x0000000013fa0000, 0x00000000157a0000)

Polling page: 0x0000000000130000

CodeCache: size=245760Kb used=16267Kb max_used=16267Kb free=229492Kb
 bounds [0x0000000002ab0000, 0x0000000003aa0000, 0x0000000011ab0000]
 total_blobs=5436 nmethods=4693 adapters=655
 compilation: enabled

Compilation events (10 events):
Event: 5.255 Thread 0x0000000018052000 nmethod 4726 0x0000000003a88f10 code [0x0000000003a89100, 0x0000000003a899f8]
Event: 5.255 Thread 0x0000000018052000 4727       3       jdk.internal.org.objectweb.asm.ClassWriter::newFieldItem (77 bytes)
Event: 5.255 Thread 0x0000000018052000 nmethod 4727 0x0000000003a89e10 code [0x0000000003a8a000, 0x0000000003a8a5f8]
Event: 5.255 Thread 0x0000000018052000 4728       1       com.android.build.gradle.internal.variant.BaseVariantData::getVariantConfiguration (5 bytes)
Event: 5.255 Thread 0x0000000018052000 nmethod 4728 0x0000000003a8aa10 code [0x0000000003a8ab60, 0x0000000003a8ac70]
Event: 5.256 Thread 0x0000000018052000 4729       3       org.gradle.api.internal.AbstractClassGenerator$ClassMetaData::addClosureMethod (16 bytes)
Event: 5.256 Thread 0x0000000018052000 nmethod 4729 0x0000000003a8acd0 code [0x0000000003a8ae40, 0x0000000003a8b108]
Event: 5.256 Thread 0x0000000018052000 4730       3       com.google.common.collect.LinkedHashMultimap$ValueSet::setSuccessorInValueSet (6 bytes)
Event: 5.256 Thread 0x0000000018052000 nmethod 4730 0x0000000003a8b210 code [0x0000000003a8b360, 0x0000000003a8b4d0]
Event: 5.256 Thread 0x0000000018052000 4731       3       org.objectweb.asm.Type::getMethodDescriptor (61 bytes)

GC Heap History (10 events):
Event: 1.704 GC heap before
{Heap before GC invocations=3 (full 0):
 PSYoungGen      total 141824K, used 30288K [0x00000000e0000000, 0x00000000e9500000, 0x0000000100000000)
  eden space 131072K, 15% used [0x00000000e0000000,0x00000000e134f4e0,0x00000000e8000000)
  from space 10752K, 97% used [0x00000000e8a80000,0x00000000e94c4dc0,0x00000000e9500000)
  to   space 10752K, 0% used [0x00000000e8000000,0x00000000e8000000,0x00000000e8a80000)
 ParOldGen       total 175104K, used 16K [0x00000000a0000000, 0x00000000aab00000, 0x00000000e0000000)
  object space 175104K, 0% used [0x00000000a0000000,0x00000000a0004000,0x00000000aab00000)
 Metaspace       used 20782K, capacity 21130K, committed 21248K, reserved 1067008K
  class space    used 2903K, capacity 3053K, committed 3072K, reserved 1048576K
Event: 1.737 GC heap after
Heap after GC invocations=3 (full 0):
 PSYoungGen      total 141824K, used 8688K [0x00000000e0000000, 0x00000000f1500000, 0x0000000100000000)
  eden space 131072K, 0% used [0x00000000e0000000,0x00000000e0000000,0x00000000e8000000)
  from space 10752K, 80% used [0x00000000e8000000,0x00000000e887c2c0,0x00000000e8a80000)
  to   space 10752K, 0% used [0x00000000f0a80000,0x00000000f0a80000,0x00000000f1500000)
 ParOldGen       total 175104K, used 24K [0x00000000a0000000, 0x00000000aab00000, 0x00000000e0000000)
  object space 175104K, 0% used [0x00000000a0000000,0x00000000a0006000,0x00000000aab00000)
 Metaspace       used 20782K, capacity 21130K, committed 21248K, reserved 1067008K
  class space    used 2903K, capacity 3053K, committed 3072K, reserved 1048576K
}
Event: 1.737 GC heap before
{Heap before GC invocations=4 (full 1):
 PSYoungGen      total 141824K, used 8688K [0x00000000e0000000, 0x00000000f1500000, 0x0000000100000000)
  eden space 131072K, 0% used [0x00000000e0000000,0x00000000e0000000,0x00000000e8000000)
  from space 10752K, 80% used [0x00000000e8000000,0x00000000e887c2c0,0x00000000e8a80000)
  to   space 10752K, 0% used [0x00000000f0a80000,0x00000000f0a80000,0x00000000f1500000)
 ParOldGen       total 175104K, used 24K [0x00000000a0000000, 0x00000000aab00000, 0x00000000e0000000)
  object space 175104K, 0% used [0x00000000a0000000,0x00000000a0006000,0x00000000aab00000)
 Metaspace       used 20782K, capacity 21130K, committed 21248K, reserved 1067008K
  class space    used 2903K, capacity 3053K, committed 3072K, reserved 1048576K
Event: 1.790 GC heap after
Heap after GC invocations=4 (full 1):
 PSYoungGen      total 141824K, used 0K [0x00000000e0000000, 0x00000000f1500000, 0x0000000100000000)
  eden space 131072K, 0% used [0x00000000e0000000,0x00000000e0000000,0x00000000e8000000)
  from space 10752K, 0% used [0x00000000e8000000,0x00000000e8000000,0x00000000e8a80000)
  to   space 10752K, 0% used [0x00000000f0a80000,0x00000000f0a80000,0x00000000f1500000)
 ParOldGen       total 97280K, used 8485K [0x00000000a0000000, 0x00000000a5f00000, 0x00000000e0000000)
  object space 97280K, 8% used [0x00000000a0000000,0x00000000a0849430,0x00000000a5f00000)
 Metaspace       used 20782K, capacity 21130K, committed 21248K, reserved 1067008K
  class space    used 2903K, capacity 3053K, committed 3072K, reserved 1048576K
}
Event: 3.102 GC heap before
{Heap before GC invocations=5 (full 1):
 PSYoungGen      total 141824K, used 131072K [0x00000000e0000000, 0x00000000f1500000, 0x0000000100000000)
  eden space 131072K, 100% used [0x00000000e0000000,0x00000000e8000000,0x00000000e8000000)
  from space 10752K, 0% used [0x00000000e8000000,0x00000000e8000000,0x00000000e8a80000)
  to   space 10752K, 0% used [0x00000000f0a80000,0x00000000f0a80000,0x00000000f1500000)
 ParOldGen       total 97280K, used 8485K [0x00000000a0000000, 0x00000000a5f00000, 0x00000000e0000000)
  object space 97280K, 8% used [0x00000000a0000000,0x00000000a0849430,0x00000000a5f00000)
 Metaspace       used 29715K, capacity 30136K, committed 30464K, reserved 1075200K
  class space    used 4168K, capacity 4337K, committed 4352K, reserved 1048576K
Event: 3.114 GC heap after
Heap after GC invocations=5 (full 1):
 PSYoungGen      total 220160K, used 10726K [0x00000000e0000000, 0x00000000f1500000, 0x0000000100000000)
  eden space 209408K, 0% used [0x00000000e0000000,0x00000000e0000000,0x00000000ecc80000)
  from space 10752K, 99% used [0x00000000f0a80000,0x00000000f14f9990,0x00000000f1500000)
  to   space 10752K, 0% used [0x00000000f0000000,0x00000000f0000000,0x00000000f0a80000)
 ParOldGen       total 97280K, used 10675K [0x00000000a0000000, 0x00000000a5f00000, 0x00000000e0000000)
  object space 97280K, 10% used [0x00000000a0000000,0x00000000a0a6cd68,0x00000000a5f00000)
 Metaspace       used 29715K, capacity 30136K, committed 30464K, reserved 1075200K
  class space    used 4168K, capacity 4337K, committed 4352K, reserved 1048576K
}
Event: 3.465 GC heap before
{Heap before GC invocations=6 (full 1):
 PSYoungGen      total 220160K, used 39716K [0x00000000e0000000, 0x00000000f1500000, 0x0000000100000000)
  eden space 209408K, 13% used [0x00000000e0000000,0x00000000e1c4f750,0x00000000ecc80000)
  from space 10752K, 99% used [0x00000000f0a80000,0x00000000f14f9990,0x00000000f1500000)
  to   space 10752K, 0% used [0x00000000f0000000,0x00000000f0000000,0x00000000f0a80000)
 ParOldGen       total 97280K, used 10675K [0x00000000a0000000, 0x00000000a5f00000, 0x00000000e0000000)
  object space 97280K, 10% used [0x00000000a0000000,0x00000000a0a6cd68,0x00000000a5f00000)
 Metaspace       used 34815K, capacity 35292K, committed 35416K, reserved 1079296K
  class space    used 4783K, capacity 4954K, committed 4992K, reserved 1048576K
Event: 3.492 GC heap after
Heap after GC invocations=6 (full 1):
 PSYoungGen      total 272896K, used 9706K [0x00000000e0000000, 0x00000000f6780000, 0x0000000100000000)
  eden space 262144K, 0% used [0x00000000e0000000,0x00000000e0000000,0x00000000f0000000)
  from space 10752K, 90% used [0x00000000f0000000,0x00000000f097a960,0x00000000f0a80000)
  to   space 13312K, 0% used [0x00000000f5a80000,0x00000000f5a80000,0x00000000f6780000)
 ParOldGen       total 97280K, used 10683K [0x00000000a0000000, 0x00000000a5f00000, 0x00000000e0000000)
  object space 97280K, 10% used [0x00000000a0000000,0x00000000a0a6ed68,0x00000000a5f00000)
 Metaspace       used 34815K, capacity 35292K, committed 35416K, reserved 1079296K
  class space    used 4783K, capacity 4954K, committed 4992K, reserved 1048576K
}
Event: 3.492 GC heap before
{Heap before GC invocations=7 (full 2):
 PSYoungGen      total 272896K, used 9706K [0x00000000e0000000, 0x00000000f6780000, 0x0000000100000000)
  eden space 262144K, 0% used [0x00000000e0000000,0x00000000e0000000,0x00000000f0000000)
  from space 10752K, 90% used [0x00000000f0000000,0x00000000f097a960,0x00000000f0a80000)
  to   space 13312K, 0% used [0x00000000f5a80000,0x00000000f5a80000,0x00000000f6780000)
 ParOldGen       total 97280K, used 10683K [0x00000000a0000000, 0x00000000a5f00000, 0x00000000e0000000)
  object space 97280K, 10% used [0x00000000a0000000,0x00000000a0a6ed68,0x00000000a5f00000)
 Metaspace       used 34815K, capacity 35292K, committed 35416K, reserved 1079296K
  class space    used 4783K, capacity 4954K, committed 4992K, reserved 1048576K
Event: 3.552 GC heap after
Heap after GC invocations=7 (full 2):
 PSYoungGen      total 272896K, used 0K [0x00000000e0000000, 0x00000000f6780000, 0x0000000100000000)
  eden space 262144K, 0% used [0x00000000e0000000,0x00000000e0000000,0x00000000f0000000)
  from space 10752K, 0% used [0x00000000f0000000,0x00000000f0000000,0x00000000f0a80000)
  to   space 13312K, 0% used [0x00000000f5a80000,0x00000000f5a80000,0x00000000f6780000)
 ParOldGen       total 141312K, used 16464K [0x00000000a0000000, 0x00000000a8a00000, 0x00000000e0000000)
  object space 141312K, 11% used [0x00000000a0000000,0x00000000a1014198,0x00000000a8a00000)
 Metaspace       used 34815K, capacity 35292K, committed 35416K, reserved 1079296K
  class space    used 4783K, capacity 4954K, committed 4992K, reserved 1048576K
}

Deoptimization events (10 events):
Event: 4.663 Thread 0x0000000019a1a000 Uncommon trap: reason=class_check action=maybe_recompile pc=0x000000000300a198 method=java.io.DataInputStream.readUnsignedShort()I @ 4
Event: 4.663 Thread 0x0000000019a1a000 Uncommon trap: reason=class_check action=maybe_recompile pc=0x000000000300a198 method=java.io.DataInputStream.readUnsignedShort()I @ 4
Event: 4.663 Thread 0x0000000019a1a000 Uncommon trap: reason=class_check action=maybe_recompile pc=0x000000000300a198 method=java.io.DataInputStream.readUnsignedShort()I @ 4
Event: 4.663 Thread 0x0000000019a1a000 Uncommon trap: reason=class_check action=maybe_recompile pc=0x000000000300a198 method=java.io.DataInputStream.readUnsignedShort()I @ 4
Event: 4.712 Thread 0x0000000019a1a000 Uncommon trap: reason=unstable_if action=reinterpret pc=0x000000000382ce9c method=java.io.DataInputStream.readUTF(Ljava/io/DataInput;)Ljava/lang/String; @ 31
Event: 4.802 Thread 0x0000000019a1a000 Uncommon trap: reason=unstable_if action=reinterpret pc=0x000000000359ebe8 method=java.util.regex.Pattern$BmpCharProperty.match(Ljava/util/regex/Matcher;ILjava/lang/CharSequence;)Z @ 34
Event: 5.051 Thread 0x0000000019a1a000 Uncommon trap: reason=range_check action=make_not_entrant pc=0x000000000379ff3c method=java.lang.String.charAt(I)C @ 27
Event: 5.175 Thread 0x0000000019a1a000 Uncommon trap: reason=unstable_if action=reinterpret pc=0x000000000372fbcc method=org.objectweb.asm.ByteVector.putUTF8(Ljava/lang/String;)Lorg/objectweb/asm/ByteVector; @ 91
Event: 5.212 Thread 0x0000000019a1a000 Uncommon trap: reason=unstable_if action=reinterpret pc=0x0000000003439874 method=java.lang.String.lastIndexOf([CII[CIII)I @ 118
Event: 5.216 Thread 0x0000000019a1a000 Uncommon trap: reason=unstable_if action=reinterpret pc=0x0000000003299db0 method=org.objectweb.asm.ByteVector.putUTF8(Ljava/lang/String;)Lorg/objectweb/asm/ByteVector; @ 91

Classes redefined (0 events):
No events

Internal exceptions (10 events):
Event: 5.003 Thread 0x0000000019a1a000 Exception <a 'sun/nio/fs/WindowsException'> (0x00000000e9e66bc0) thrown at [D:\src\AOSP-openjdk-cygwin\jdk8u\hotspot\src\share\vm\prims\jni.cpp, line 709]
Event: 5.004 Thread 0x0000000019a1a000 Exception <a 'sun/nio/fs/WindowsException'> (0x00000000e9e69ea8) thrown at [D:\src\AOSP-openjdk-cygwin\jdk8u\hotspot\src\share\vm\prims\jni.cpp, line 709]
Event: 5.004 Thread 0x0000000019a1a000 Exception <a 'sun/nio/fs/WindowsException'> (0x00000000e9e6ace0) thrown at [D:\src\AOSP-openjdk-cygwin\jdk8u\hotspot\src\share\vm\prims\jni.cpp, line 709]
Event: 5.004 Thread 0x0000000019a1a000 Exception <a 'sun/nio/fs/WindowsException'> (0x00000000e9e6cf28) thrown at [D:\src\AOSP-openjdk-cygwin\jdk8u\hotspot\src\share\vm\prims\jni.cpp, line 709]
Event: 5.004 Thread 0x0000000019a1a000 Exception <a 'sun/nio/fs/WindowsException'> (0x00000000e9e6dd98) thrown at [D:\src\AOSP-openjdk-cygwin\jdk8u\hotspot\src\share\vm\prims\jni.cpp, line 709]
Event: 5.013 Thread 0x0000000019a1a000 Exception <a 'java/lang/NoSuchMethodError': java.lang.Object.lambda$comparing$77a9974f$1(Ljava/util/function/Function;Ljava/lang/Object;Ljava/lang/Object;)I> (0x00000000e9ef46f8) thrown at [D:\src\AOSP-openjdk-cygwin\jdk8u\hotspot\src\share\vm\interpreter
Event: 5.014 Thread 0x0000000019a1a000 Exception <a 'java/lang/NoSuchMethodError': java.lang.Object.lambda$thenComparing$36697e65$1(Ljava/util/Comparator;Ljava/lang/Object;Ljava/lang/Object;)I> (0x00000000e9efff60) thrown at [D:\src\AOSP-openjdk-cygwin\jdk8u\hotspot\src\share\vm\interpreter\li
Event: 5.030 Thread 0x0000000019a1a000 Exception <a 'java/lang/NoSuchMethodError': java.lang.Object.lambda$maxBy$1(Ljava/util/Comparator;Ljava/lang/Object;Ljava/lang/Object;)Ljava/lang/Object;> (0x00000000ea055a18) thrown at [D:\src\AOSP-openjdk-cygwin\jdk8u\hotspot\src\share\vm\interpreter\li
Event: 5.125 Thread 0x0000000019a1a000 Exception <a 'java/lang/ClassNotFoundException': org/gradle/api/plugins/BasePluginConventionBeanInfo> (0x00000000ea6a7cb8) thrown at [D:\src\AOSP-openjdk-cygwin\jdk8u\hotspot\src\share\vm\classfile\systemDictionary.cpp, line 210]
Event: 5.126 Thread 0x0000000019a1a000 Exception <a 'java/lang/ClassNotFoundException': org/gradle/api/plugins/BasePluginConventionCustomizer> (0x00000000ea6ca3e8) thrown at [D:\src\AOSP-openjdk-cygwin\jdk8u\hotspot\src\share\vm\classfile\systemDictionary.cpp, line 210]

Events (10 events):
Event: 5.251 loading class com/android/build/gradle/tasks/GenerateResValues
Event: 5.251 loading class com/android/build/gradle/tasks/GenerateResValues done
Event: 5.254 loading class com/android/build/gradle/internal/core/GradleVariantConfiguration
Event: 5.254 loading class com/android/build/gradle/internal/core/GradleVariantConfiguration done
Event: 5.254 loading class com/android/build/gradle/internal/scope/VariantScope
Event: 5.254 loading class com/android/build/gradle/internal/scope/VariantScope done
Event: 5.254 loading class com/android/build/gradle/internal/ApplicationTaskManager
Event: 5.254 loading class com/android/build/gradle/internal/ApplicationTaskManager done
Event: 5.255 loading class com/android/build/gradle/tasks/RenderscriptCompile$ConfigAction
Event: 5.255 loading class com/android/build/gradle/tasks/RenderscriptCompile$ConfigAction done


Dynamic libraries:
0x000000013f310000 - 0x000000013f341000 	C:\Program Files\Android\Android Studio\jre\bin\java.exe
0x0000000076ff0000 - 0x000000007718f000 	C:\Windows\SYSTEM32\ntdll.dll
0x0000000076ed0000 - 0x0000000076fef000 	C:\Windows\system32\kernel32.dll
0x000007fefcbc0000 - 0x000007fefcc2a000 	C:\Windows\system32\KERNELBASE.dll
0x000007fefec30000 - 0x000007fefed0b000 	C:\Windows\system32\ADVAPI32.dll
0x000007fefd050000 - 0x000007fefd0ef000 	C:\Windows\system32\msvcrt.dll
0x000007fefd030000 - 0x000007fefd04f000 	C:\Windows\SYSTEM32\sechost.dll
0x000007feff0a0000 - 0x000007feff1cd000 	C:\Windows\system32\RPCRT4.dll
0x0000000076dd0000 - 0x0000000076eca000 	C:\Windows\system32\USER32.dll
0x000007fefef90000 - 0x000007fefeff7000 	C:\Windows\system32\GDI32.dll
0x000007fefec20000 - 0x000007fefec2e000 	C:\Windows\system32\LPK.dll
0x000007fefe680000 - 0x000007fefe74b000 	C:\Windows\system32\USP10.dll
0x000007fefb460000 - 0x000007fefb654000 	C:\Windows\WinSxS\amd64_microsoft.windows.common-controls_6595b64144ccf1df_6.0.7601.18837_none_fa3b1e3d17594757\COMCTL32.dll
0x000007fefd120000 - 0x000007fefd191000 	C:\Windows\system32\SHLWAPI.dll
0x000007fefd0f0000 - 0x000007fefd11e000 	C:\Windows\system32\IMM32.DLL
0x000007feff1d0000 - 0x000007feff2d9000 	C:\Windows\system32\MSCTF.dll
0x0000000055640000 - 0x0000000055712000 	C:\Program Files\Android\Android Studio\jre\jre\bin\msvcr100.dll
0x00000000590e0000 - 0x000000005991f000 	C:\Program Files\Android\Android Studio\jre\jre\bin\server\jvm.dll
0x000007fee0210000 - 0x000007fee0219000 	C:\Windows\system32\WSOCK32.dll
0x000007fefef40000 - 0x000007fefef8d000 	C:\Windows\system32\WS2_32.dll
0x000007fefec10000 - 0x000007fefec18000 	C:\Windows\system32\NSI.dll
0x000007fef4680000 - 0x000007fef46bb000 	C:\Windows\system32\WINMM.dll
0x000007fefbc70000 - 0x000007fefbc7c000 	C:\Windows\system32\VERSION.dll
0x0000000077190000 - 0x0000000077197000 	C:\Windows\system32\PSAPI.DLL
0x000007fef9de0000 - 0x000007fef9def000 	C:\Program Files\Android\Android Studio\jre\jre\bin\verify.dll
0x000007fef9db0000 - 0x000007fef9dd9000 	C:\Program Files\Android\Android Studio\jre\jre\bin\java.dll
0x000007fef9d90000 - 0x000007fef9da6000 	C:\Program Files\Android\Android Studio\jre\jre\bin\zip.dll
0x000007fefd440000 - 0x000007fefe1cb000 	C:\Windows\system32\SHELL32.dll
0x000007fefd1a0000 - 0x000007fefd39d000 	C:\Windows\system32\ole32.dll
0x000007fefcba0000 - 0x000007fefcbaf000 	C:\Windows\system32\profapi.dll
0x000007fef9d70000 - 0x000007fef9d8a000 	C:\Program Files\Android\Android Studio\jre\jre\bin\net.dll
0x000007fefc360000 - 0x000007fefc3b5000 	C:\Windows\system32\mswsock.dll
0x000007fefc350000 - 0x000007fefc357000 	C:\Windows\System32\wship6.dll
0x000007fef9d50000 - 0x000007fef9d61000 	C:\Program Files\Android\Android Studio\jre\jre\bin\nio.dll
0x000007feea360000 - 0x000007feea37e000 	C:\Users\Alex\.gradle\native\25\windows-amd64\native-platform.dll
0x000007fef9cf0000 - 0x000007fef9cfd000 	C:\Program Files\Android\Android Studio\jre\jre\bin\management.dll
0x000007fefc3c0000 - 0x000007fefc3d8000 	C:\Windows\system32\CRYPTSP.dll
0x000007fefc080000 - 0x000007fefc0c7000 	C:\Windows\system32\rsaenh.dll
0x000007fefcc40000 - 0x000007fefcc5e000 	C:\Windows\system32\USERENV.dll
0x000007fefca30000 - 0x000007fefca3f000 	C:\Windows\system32\CRYPTBASE.dll
0x000007fef8f90000 - 0x000007fef8fb7000 	C:\Windows\system32\IPHLPAPI.DLL
0x000007fef8f80000 - 0x000007fef8f8b000 	C:\Windows\system32\WINNSI.DLL
0x000007fef8470000 - 0x000007fef8488000 	C:\Windows\system32\dhcpcsvc.DLL
0x000007fef83e0000 - 0x000007fef83f1000 	C:\Windows\system32\dhcpcsvc6.DLL
0x000007fedd9d0000 - 0x000007feddaf5000 	C:\Windows\system32\dbghelp.dll

VM Arguments:
jvm_args: -Xmx1536m -Dfile.encoding=windows-1251 -Duser.country=RU -Duser.language=ru -Duser.variant 
java_command: org.gradle.launcher.daemon.bootstrap.GradleDaemon 4.4
java_class_path (initial): C:\Users\Alex\.gradle\wrapper\dists\gradle-4.4-all\9br9xq1tocpiv8o6njlyu5op1\gradle-4.4\lib\gradle-launcher-4.4.jar
Launcher Type: SUN_STANDARD

Environment Variables:
PATH=C:\ProgramData\Oracle\Java\javapath;C:\Program Files (x86)\Intel\iCLS Client\;C:\Program Files\Intel\iCLS Client\;C:\Windows\system32;C:\Windows;C:\Windows\System32\Wbem;C:\Windows\System32\WindowsPowerShell\v1.0\;C:\Program Files (x86)\Intel\Intel(R) Management Engine Components\DAL;C:\Program Files\Intel\Intel(R) Management Engine Components\DAL;C:\Program Files (x86)\Intel\Intel(R) Management Engine Components\IPT;C:\Program Files\Intel\Intel(R) Management Engine Components\IPT;C:\Program Files (x86)\Git\cmd;C:\Program Files\Calibre2\;C:\Program Files (x86)\Skype\Phone\;c:\Program Files (x86)\Microsoft SQL Server\110\Tools\Binn\;c:\Program Files\Microsoft SQL Server\110\Tools\Binn\;c:\Program Files\Microsoft SQL Server\110\DTS\Binn\;c:\Program Files (x86)\Microsoft SQL Server\110\Tools\Binn\ManagementStudio\;c:\Program Files (x86)\Microsoft SQL Server\110\DTS\Binn\;C:\Program Files (x86)\GitExtensions\
USERNAME=Alex
OS=Windows_NT
PROCESSOR_IDENTIFIER=Intel64 Family 6 Model 94 Stepping 3, GenuineIntel



---------------  S Y S T E M  ---------------

OS: Windows 7 , 64 bit Build 7601 (6.1.7601.24214)

CPU:total 4 (initial active 4) (2 cores per cpu, 2 threads per core) family 6 model 94 stepping 3, cmov, cx8, fxsr, mmx, sse, sse2, sse3, ssse3, sse4.1, sse4.2, popcnt, avx, avx2, aes, clmul, erms, 3dnowpref, lzcnt, ht, tsc, tscinvbit, bmi1, bmi2, adx

Memory: 4k page, physical 16662644k(12026200k free), swap 18757896k(13390304k free)

vm_info: OpenJDK 64-Bit Server VM (25.152-b02) for windows-amd64 JRE (1.8.0_152-release-1024-b02), built by "builder" with MS VC++ 10.0 (VS2010)

time: Tue Sep 04 22:39:30 2018
elapsed time: 5 seconds (0d 0h 0m 5s)

