#
# A fatal error has been detected by the Java Runtime Environment:
#
#  EXCEPTION_ACCESS_VIOLATION (0xc0000005) at pc=0x0000000059512d4b, pid=2932, tid=0x00000000000017c4
#
# JRE version: OpenJDK Runtime Environment (8.0_152-b02) (build 1.8.0_152-release-1024-b02)
# Java VM: OpenJDK 64-Bit Server VM (25.152-b02 mixed mode windows-amd64 compressed oops)
# Problematic frame:
# V  [jvm.dll+0x432d4b]
#
# Failed to write core dump. Minidumps are not enabled by default on client versions of Windows
#
# If you would like to submit a bug report, please visit:
#   http://bugreport.java.com/bugreport/crash.jsp
#

---------------  T H R E A D  ---------------

Current thread (0x00000000162a8000):  JavaThread "C2 CompilerThread0" daemon [_thread_in_native, id=6084, stack(0x0000000017bb0000,0x0000000017cb0000)]

siginfo: ExceptionCode=0xc0000005, reading address 0x00000000240e32f0

Registers:
RAX=0x0000000000000000, RBX=0x00000000590e0000, RCX=0x000000001c86f100, RDX=0x0000000002000000
RSP=0x0000000017cac460, RBP=0x0000000017cac4c0, RSI=0x0000000000000000, RDI=0x0000000017cac8e0
R8 =0x000000001c0e32f0, R9 =0x0000000000000000, R10=0x00000000590e0000, R11=0x000000001ed15ab8
R12=0x000000001ed15a80, R13=0x000000000000752f, R14=0x00000000590e0000, R15=0x0000000000000000
RIP=0x0000000059512d4b, EFLAGS=0x0000000000010246

Top of Stack: (sp=0x0000000017cac460)
0x0000000017cac460:   00001e7400000000 00000000590e0000
0x0000000017cac470:   0000000017cac4c0 0000000000000000
0x0000000017cac480:   00001e8f00000000 0000000000000008
0x0000000017cac490:   000000001d84dba0 00001e7400000048
0x0000000017cac4a0:   000000001c86f100 0000000000000048
0x0000000017cac4b0:   000000001e9b5010 0000000019b84590
0x0000000017cac4c0:   0000000000000000 0000000000000000
0x0000000017cac4d0:   0000000017cac8e0 0000000059513137
0x0000000017cac4e0:   000000001ed15a80 000000001ed15a80
0x0000000017cac4f0:   0000000000131320 0000000000131320
0x0000000017cac500:   0000000000000000 0000000000000008
0x0000000017cac510:   0000000000000000 0000000000000001
0x0000000017cac520:   0000000000000000 0000000000000001
0x0000000017cac530:   0000000000000000 0000000000000000
0x0000000017cac540:   0000000018d11318 0000000000000000
0x0000000017cac550:   00000000000003d8 0000000018d10f40 

Instructions: (pc=0x0000000059512d4b)
0x0000000059512d2b:   ca 41 23 c9 3b ca 0f 85 4b ff ff ff 41 8b c1 e9
0x0000000059512d3b:   11 02 00 00 49 63 54 24 24 4c 8b 87 08 01 00 00
0x0000000059512d4b:   41 8b 1c 90 3b da 74 33 8b cb 48 63 c3 41 8b 1c
0x0000000059512d5b:   80 3b d9 75 f3 3b d3 74 20 66 66 66 66 0f 1f 84 


Register to memory mapping:

RAX=0x0000000000000000 is an unknown value
RBX=0x00000000590e0000 is an unknown value
RCX=0x000000001c86f100 is an unknown value
RDX=0x0000000002000000 is an unknown value
RSP=0x0000000017cac460 is pointing into the stack for thread: 0x00000000162a8000
RBP=0x0000000017cac4c0 is pointing into the stack for thread: 0x00000000162a8000
RSI=0x0000000000000000 is an unknown value
RDI=0x0000000017cac8e0 is pointing into the stack for thread: 0x00000000162a8000
R8 =0x000000001c0e32f0 is an unknown value
R9 =0x0000000000000000 is an unknown value
R10=0x00000000590e0000 is an unknown value
R11=0x000000001ed15ab8 is an unknown value
R12=0x000000001ed15a80 is an unknown value
R13=0x000000000000752f is an unknown value
R14=0x00000000590e0000 is an unknown value
R15=0x0000000000000000 is an unknown value


Stack: [0x0000000017bb0000,0x0000000017cb0000],  sp=0x0000000017cac460,  free space=1009k
Native frames: (J=compiled Java code, j=interpreted, Vv=VM code, C=native code)
V  [jvm.dll+0x432d4b]
V  [jvm.dll+0x433137]
V  [jvm.dll+0x434cd3]
V  [jvm.dll+0x43f76b]
V  [jvm.dll+0x44203e]
V  [jvm.dll+0x4250b2]
V  [jvm.dll+0x814c8]
V  [jvm.dll+0x81dff]
V  [jvm.dll+0x21d2df]
V  [jvm.dll+0x26d7ea]
C  [msvcr100.dll+0x21d9f]
C  [msvcr100.dll+0x21e3b]
C  [kernel32.dll+0x159cd]
C  [ntdll.dll+0x5383d]


Current CompileTask:
C2:   2871 1712       4       java.net.URLClassLoader$1::run (5 bytes)


---------------  P R O C E S S  ---------------

Java Threads: ( => current thread )
  0x000000001f72b000 JavaThread "Cache worker for Artifact transforms cache (C:\Users\Alex\.gradle\caches\transforms-1)" [_thread_blocked, id=5320, stack(0x0000000021330000,0x0000000021430000)]
  0x00000000198c1800 JavaThread "Cache worker for file hash cache (D:\GitHubProjects\AndroidTraining\Patterns\.gradle\4.4\fileHashes)" [_thread_blocked, id=5060, stack(0x000000001b300000,0x000000001b400000)]
  0x0000000019827800 JavaThread "File lock request listener" [_thread_in_native, id=4492, stack(0x000000001b200000,0x000000001b300000)]
  0x0000000019554800 JavaThread "Cache worker for file hash cache (C:\Users\Alex\.gradle\caches\4.4\fileHashes)" [_thread_blocked, id=4384, stack(0x000000001ae50000,0x000000001af50000)]
  0x000000001956a000 JavaThread "Stdin handler" [_thread_blocked, id=4324, stack(0x000000001ac10000,0x000000001ad10000)]
  0x000000001957b800 JavaThread "Asynchronous log dispatcher for DefaultDaemonConnection: socket connection from /127.0.0.1:50759 to /127.0.0.1:50760" [_thread_blocked, id=2628, stack(0x0000000019ef0000,0x0000000019ff0000)]
  0x0000000019570000 JavaThread "Daemon worker" [_thread_in_native, id=4520, stack(0x000000001aa20000,0x000000001ab20000)]
  0x000000001956f800 JavaThread "Cancel handler" [_thread_blocked, id=5276, stack(0x000000001a2f0000,0x000000001a3f0000)]
  0x000000001953a800 JavaThread "Handler for socket connection from /127.0.0.1:50759 to /127.0.0.1:50760" [_thread_in_native, id=1308, stack(0x000000001a650000,0x000000001a750000)]
  0x0000000019539800 JavaThread "Daemon" [_thread_blocked, id=1076, stack(0x000000001a420000,0x000000001a520000)]
  0x00000000195ad000 JavaThread "Daemon periodic checks" [_thread_blocked, id=5132, stack(0x00000000182b0000,0x00000000183b0000)]
  0x000000001959a000 JavaThread "Incoming local TCP Connector on port 50759" [_thread_in_native, id=5236, stack(0x000000001a1d0000,0x000000001a2d0000)]
  0x0000000017d23800 JavaThread "Service Thread" daemon [_thread_blocked, id=1336, stack(0x00000000181b0000,0x00000000182b0000)]
  0x0000000017cb2000 JavaThread "C1 CompilerThread2" daemon [_thread_in_vm, id=5316, stack(0x00000000180b0000,0x00000000181b0000)]
  0x00000000162af800 JavaThread "C2 CompilerThread1" daemon [_thread_in_native, id=1536, stack(0x0000000017aa0000,0x0000000017ba0000)]
=>0x00000000162a8000 JavaThread "C2 CompilerThread0" daemon [_thread_in_native, id=6084, stack(0x0000000017bb0000,0x0000000017cb0000)]
  0x00000000162a0000 JavaThread "Attach Listener" daemon [_thread_blocked, id=2924, stack(0x00000000178e0000,0x00000000179e0000)]
  0x000000001629e800 JavaThread "Signal Dispatcher" daemon [_thread_blocked, id=4620, stack(0x00000000177d0000,0x00000000178d0000)]
  0x0000000016288000 JavaThread "Finalizer" daemon [_thread_blocked, id=5592, stack(0x00000000175e0000,0x00000000176e0000)]
  0x0000000016241000 JavaThread "Reference Handler" daemon [_thread_blocked, id=2864, stack(0x0000000017470000,0x0000000017570000)]
  0x000000000034e800 JavaThread "main" [_thread_blocked, id=2564, stack(0x0000000002200000,0x0000000002300000)]

Other Threads:
  0x0000000016239800 VMThread [stack: 0x0000000017290000,0x0000000017390000] [id=2912]
  0x0000000017d2c800 WatcherThread [stack: 0x0000000018420000,0x0000000018520000] [id=2344]

VM state:not at safepoint (normal execution)

VM Mutex/Monitor currently owned by a thread: None

Heap:
 PSYoungGen      total 110592K, used 19456K [0x00000000e0000000, 0x00000000e9180000, 0x0000000100000000)
  eden space 103424K, 12% used [0x00000000e0000000,0x00000000e0c1ffc8,0x00000000e6500000)
  from space 7168K, 98% used [0x00000000e8a80000,0x00000000e91602c0,0x00000000e9180000)
  to   space 10752K, 0% used [0x00000000e7c80000,0x00000000e7c80000,0x00000000e8700000)
 ParOldGen       total 99328K, used 8528K [0x00000000a0000000, 0x00000000a6100000, 0x00000000e0000000)
  object space 99328K, 8% used [0x00000000a0000000,0x00000000a0854308,0x00000000a6100000)
 Metaspace       used 26958K, capacity 27314K, committed 27520K, reserved 1073152K
  class space    used 3755K, capacity 3908K, committed 3968K, reserved 1048576K

Card table byte_map: [0x0000000011a80000,0x0000000011d90000] byte_map_base: 0x0000000011580000

Marking Bits: (ParMarkBitMap*) 0x00000000598a4970
 Begin Bits: [0x00000000125b0000, 0x0000000013db0000)
 End Bits:   [0x0000000013db0000, 0x00000000155b0000)

Polling page: 0x0000000000330000

CodeCache: size=245760Kb used=7911Kb max_used=7911Kb free=237848Kb
 bounds [0x00000000026c0000, 0x0000000002e80000, 0x00000000116c0000]
 total_blobs=2705 nmethods=2061 adapters=557
 compilation: enabled

Compilation events (10 events):
Event: 2.842 Thread 0x0000000017cb2000 2065   !   2       org.gradle.internal.service.DefaultServiceRegistry$FactoryMethodService::invokeMethod (156 bytes)
Event: 2.843 Thread 0x0000000017cb2000 nmethod 2065 0x0000000002e71190 code [0x0000000002e71460, 0x0000000002e72328]
Event: 2.847 Thread 0x0000000017cb2000 2066       2       java.util.Arrays$ArrayList::contains (15 bytes)
Event: 2.847 Thread 0x0000000017cb2000 nmethod 2066 0x0000000002e73490 code [0x0000000002e73600, 0x0000000002e73788]
Event: 2.857 Thread 0x0000000017cb2000 2067       2       sun.reflect.generics.scope.ClassScope::make (9 bytes)
Event: 2.857 Thread 0x0000000017cb2000 nmethod 2067 0x0000000002e73810 code [0x0000000002e73960, 0x0000000002e73af0]
Event: 2.857 Thread 0x0000000017cb2000 2068       2       sun.reflect.generics.scope.ClassScope::<init> (6 bytes)
Event: 2.857 Thread 0x0000000017cb2000 nmethod 2068 0x0000000002e73b90 code [0x0000000002e73ce0, 0x0000000002e73e50]
Event: 2.857 Thread 0x0000000017cb2000 2069       2       sun.reflect.ConstantPool::getUTF8At (10 bytes)
Event: 2.857 Thread 0x0000000017cb2000 nmethod 2069 0x0000000002e73ed0 code [0x0000000002e74040, 0x0000000002e741c8]

GC Heap History (10 events):
Event: 0.942 GC heap before
{Heap before GC invocations=1 (full 0):
 PSYoungGen      total 76288K, used 65536K [0x00000000e0000000, 0x00000000e5500000, 0x0000000100000000)
  eden space 65536K, 100% used [0x00000000e0000000,0x00000000e4000000,0x00000000e4000000)
  from space 10752K, 0% used [0x00000000e4a80000,0x00000000e4a80000,0x00000000e5500000)
  to   space 10752K, 0% used [0x00000000e4000000,0x00000000e4000000,0x00000000e4a80000)
 ParOldGen       total 175104K, used 0K [0x00000000a0000000, 0x00000000aab00000, 0x00000000e0000000)
  object space 175104K, 0% used [0x00000000a0000000,0x00000000a0000000,0x00000000aab00000)
 Metaspace       used 10826K, capacity 11088K, committed 11264K, reserved 1058816K
  class space    used 1431K, capacity 1522K, committed 1536K, reserved 1048576K
Event: 0.952 GC heap after
Heap after GC invocations=1 (full 0):
 PSYoungGen      total 76288K, used 7790K [0x00000000e0000000, 0x00000000e5500000, 0x0000000100000000)
  eden space 65536K, 0% used [0x00000000e0000000,0x00000000e0000000,0x00000000e4000000)
  from space 10752K, 72% used [0x00000000e4000000,0x00000000e479b9a8,0x00000000e4a80000)
  to   space 10752K, 0% used [0x00000000e4a80000,0x00000000e4a80000,0x00000000e5500000)
 ParOldGen       total 175104K, used 8K [0x00000000a0000000, 0x00000000aab00000, 0x00000000e0000000)
  object space 175104K, 0% used [0x00000000a0000000,0x00000000a0002000,0x00000000aab00000)
 Metaspace       used 10826K, capacity 11088K, committed 11264K, reserved 1058816K
  class space    used 1431K, capacity 1522K, committed 1536K, reserved 1048576K
}
Event: 1.742 GC heap before
{Heap before GC invocations=2 (full 0):
 PSYoungGen      total 76288K, used 73326K [0x00000000e0000000, 0x00000000e5500000, 0x0000000100000000)
  eden space 65536K, 100% used [0x00000000e0000000,0x00000000e4000000,0x00000000e4000000)
  from space 10752K, 72% used [0x00000000e4000000,0x00000000e479b9a8,0x00000000e4a80000)
  to   space 10752K, 0% used [0x00000000e4a80000,0x00000000e4a80000,0x00000000e5500000)
 ParOldGen       total 175104K, used 8K [0x00000000a0000000, 0x00000000aab00000, 0x00000000e0000000)
  object space 175104K, 0% used [0x00000000a0000000,0x00000000a0002000,0x00000000aab00000)
 Metaspace       used 16881K, capacity 17260K, committed 17536K, reserved 1064960K
  class space    used 2431K, capacity 2572K, committed 2688K, reserved 1048576K
Event: 1.777 GC heap after
Heap after GC invocations=2 (full 0):
 PSYoungGen      total 76288K, used 10302K [0x00000000e0000000, 0x00000000e9500000, 0x0000000100000000)
  eden space 65536K, 0% used [0x00000000e0000000,0x00000000e0000000,0x00000000e4000000)
  from space 10752K, 95% used [0x00000000e4a80000,0x00000000e548f960,0x00000000e5500000)
  to   space 10752K, 0% used [0x00000000e4000000,0x00000000e4000000,0x00000000e4a80000)
 ParOldGen       total 175104K, used 16K [0x00000000a0000000, 0x00000000aab00000, 0x00000000e0000000)
  object space 175104K, 0% used [0x00000000a0000000,0x00000000a0004000,0x00000000aab00000)
 Metaspace       used 16881K, capacity 17260K, committed 17536K, reserved 1064960K
  class space    used 2431K, capacity 2572K, committed 2688K, reserved 1048576K
}
Event: 2.028 GC heap before
{Heap before GC invocations=3 (full 0):
 PSYoungGen      total 76288K, used 29975K [0x00000000e0000000, 0x00000000e9500000, 0x0000000100000000)
  eden space 65536K, 30% used [0x00000000e0000000,0x00000000e1336670,0x00000000e4000000)
  from space 10752K, 95% used [0x00000000e4a80000,0x00000000e548f960,0x00000000e5500000)
  to   space 10752K, 0% used [0x00000000e4000000,0x00000000e4000000,0x00000000e4a80000)
 ParOldGen       total 175104K, used 16K [0x00000000a0000000, 0x00000000aab00000, 0x00000000e0000000)
  object space 175104K, 0% used [0x00000000a0000000,0x00000000a0004000,0x00000000aab00000)
 Metaspace       used 20778K, capacity 21138K, committed 21248K, reserved 1067008K
  class space    used 2904K, capacity 3053K, committed 3072K, reserved 1048576K
Event: 2.050 GC heap after
Heap after GC invocations=3 (full 0):
 PSYoungGen      total 76288K, used 8688K [0x00000000e0000000, 0x00000000e9500000, 0x0000000100000000)
  eden space 65536K, 0% used [0x00000000e0000000,0x00000000e0000000,0x00000000e4000000)
  from space 10752K, 80% used [0x00000000e4000000,0x00000000e487c2c0,0x00000000e4a80000)
  to   space 10752K, 0% used [0x00000000e8a80000,0x00000000e8a80000,0x00000000e9500000)
 ParOldGen       total 175104K, used 24K [0x00000000a0000000, 0x00000000aab00000, 0x00000000e0000000)
  object space 175104K, 0% used [0x00000000a0000000,0x00000000a0006000,0x00000000aab00000)
 Metaspace       used 20778K, capacity 21138K, committed 21248K, reserved 1067008K
  class space    used 2904K, capacity 3053K, committed 3072K, reserved 1048576K
}
Event: 2.050 GC heap before
{Heap before GC invocations=4 (full 1):
 PSYoungGen      total 76288K, used 8688K [0x00000000e0000000, 0x00000000e9500000, 0x0000000100000000)
  eden space 65536K, 0% used [0x00000000e0000000,0x00000000e0000000,0x00000000e4000000)
  from space 10752K, 80% used [0x00000000e4000000,0x00000000e487c2c0,0x00000000e4a80000)
  to   space 10752K, 0% used [0x00000000e8a80000,0x00000000e8a80000,0x00000000e9500000)
 ParOldGen       total 175104K, used 24K [0x00000000a0000000, 0x00000000aab00000, 0x00000000e0000000)
  object space 175104K, 0% used [0x00000000a0000000,0x00000000a0006000,0x00000000aab00000)
 Metaspace       used 20778K, capacity 21138K, committed 21248K, reserved 1067008K
  class space    used 2904K, capacity 3053K, committed 3072K, reserved 1048576K
Event: 2.107 GC heap after
Heap after GC invocations=4 (full 1):
 PSYoungGen      total 76288K, used 0K [0x00000000e0000000, 0x00000000e9500000, 0x0000000100000000)
  eden space 65536K, 0% used [0x00000000e0000000,0x00000000e0000000,0x00000000e4000000)
  from space 10752K, 0% used [0x00000000e4000000,0x00000000e4000000,0x00000000e4a80000)
  to   space 10752K, 0% used [0x00000000e8a80000,0x00000000e8a80000,0x00000000e9500000)
 ParOldGen       total 99328K, used 8528K [0x00000000a0000000, 0x00000000a6100000, 0x00000000e0000000)
  object space 99328K, 8% used [0x00000000a0000000,0x00000000a0854308,0x00000000a6100000)
 Metaspace       used 20778K, capacity 21138K, committed 21248K, reserved 1067008K
  class space    used 2904K, capacity 3053K, committed 3072K, reserved 1048576K
}
Event: 2.795 GC heap before
{Heap before GC invocations=5 (full 1):
 PSYoungGen      total 76288K, used 65536K [0x00000000e0000000, 0x00000000e9500000, 0x0000000100000000)
  eden space 65536K, 100% used [0x00000000e0000000,0x00000000e4000000,0x00000000e4000000)
  from space 10752K, 0% used [0x00000000e4000000,0x00000000e4000000,0x00000000e4a80000)
  to   space 10752K, 0% used [0x00000000e8a80000,0x00000000e8a80000,0x00000000e9500000)
 ParOldGen       total 99328K, used 8528K [0x00000000a0000000, 0x00000000a6100000, 0x00000000e0000000)
  object space 99328K, 8% used [0x00000000a0000000,0x00000000a0854308,0x00000000a6100000)
 Metaspace       used 26377K, capacity 26738K, committed 27136K, reserved 1073152K
  class space    used 3650K, capacity 3780K, committed 3840K, reserved 1048576K
Event: 2.804 GC heap after
Heap after GC invocations=5 (full 1):
 PSYoungGen      total 110592K, used 7040K [0x00000000e0000000, 0x00000000e9180000, 0x0000000100000000)
  eden space 103424K, 0% used [0x00000000e0000000,0x00000000e0000000,0x00000000e6500000)
  from space 7168K, 98% used [0x00000000e8a80000,0x00000000e91602c0,0x00000000e9180000)
  to   space 10752K, 0% used [0x00000000e7c80000,0x00000000e7c80000,0x00000000e8700000)
 ParOldGen       total 99328K, used 8528K [0x00000000a0000000, 0x00000000a6100000, 0x00000000e0000000)
  object space 99328K, 8% used [0x00000000a0000000,0x00000000a0854308,0x00000000a6100000)
 Metaspace       used 26377K, capacity 26738K, committed 27136K, reserved 1073152K
  class space    used 3650K, capacity 3780K, committed 3840K, reserved 1048576K
}

Deoptimization events (10 events):
Event: 2.396 Thread 0x0000000019570000 Uncommon trap: reason=unstable_if action=reinterpret pc=0x00000000029b62b0 method=java.util.HashMap.hash(Ljava/lang/Object;)I @ 1
Event: 2.396 Thread 0x0000000019570000 Uncommon trap: reason=unstable_if action=reinterpret pc=0x0000000002aeb05c method=java.util.HashMap.putVal(ILjava/lang/Object;Ljava/lang/Object;ZZ)Ljava/lang/Object; @ 85
Event: 2.429 Thread 0x0000000019570000 Uncommon trap: reason=class_check action=maybe_recompile pc=0x0000000002c4d480 method=java.lang.reflect.Method.equals(Ljava/lang/Object;)Z @ 5
Event: 2.431 Thread 0x0000000019570000 Uncommon trap: reason=class_check action=maybe_recompile pc=0x0000000002c4d480 method=java.lang.reflect.Method.equals(Ljava/lang/Object;)Z @ 5
Event: 2.494 Thread 0x0000000019570000 Uncommon trap: reason=unstable_if action=reinterpret pc=0x0000000002a88f30 method=java.util.LinkedHashMap.afterNodeInsertion(Z)V @ 1
Event: 2.510 Thread 0x0000000019570000 Uncommon trap: reason=class_check action=maybe_recompile pc=0x0000000002c4d480 method=java.lang.reflect.Method.equals(Ljava/lang/Object;)Z @ 5
Event: 2.510 Thread 0x0000000019570000 Uncommon trap: reason=class_check action=maybe_recompile pc=0x0000000002c4d480 method=java.lang.reflect.Method.equals(Ljava/lang/Object;)Z @ 5
Event: 2.645 Thread 0x0000000019570000 Uncommon trap: reason=class_check action=maybe_recompile pc=0x0000000002890dd8 method=sun.misc.URLClassPath.getLoader(I)Lsun/misc/URLClassPath$Loader; @ 94
Event: 2.648 Thread 0x0000000019570000 Uncommon trap: reason=class_check action=maybe_recompile pc=0x000000000288b004 method=sun.misc.URLClassPath.getLoader(I)Lsun/misc/URLClassPath$Loader; @ 239
Event: 2.705 Thread 0x0000000019570000 Uncommon trap: reason=unstable_if action=reinterpret pc=0x000000000294490c method=java.io.WinNTFileSystem.resolve(Ljava/lang/String;Ljava/lang/String;)Ljava/lang/String; @ 49

Classes redefined (0 events):
No events

Internal exceptions (10 events):
Event: 2.734 Thread 0x0000000019570000 Exception <a 'java/lang/ClassNotFoundException': org/gradle/api/internal/DefaultNamedDomainObjectCollectionBeanInfo> (0x00000000e37b1d60) thrown at [D:\src\AOSP-openjdk-cygwin\jdk8u\hotspot\src\share\vm\classfile\systemDictionary.cpp, line 210]
Event: 2.735 Thread 0x0000000019570000 Exception <a 'java/lang/ClassNotFoundException': org/gradle/api/internal/DefaultDomainObjectCollectionBeanInfo> (0x00000000e37dc840) thrown at [D:\src\AOSP-openjdk-cygwin\jdk8u\hotspot\src\share\vm\classfile\systemDictionary.cpp, line 210]
Event: 2.735 Thread 0x0000000019570000 Exception <a 'java/lang/ClassNotFoundException': java/util/AbstractCollectionBeanInfo> (0x00000000e37e0888) thrown at [D:\src\AOSP-openjdk-cygwin\jdk8u\hotspot\src\share\vm\classfile\systemDictionary.cpp, line 210]
Event: 2.735 Thread 0x0000000019570000 Exception <a 'java/lang/ClassNotFoundException': java/util/AbstractCollectionCustomizer> (0x00000000e37e48a0) thrown at [D:\src\AOSP-openjdk-cygwin\jdk8u\hotspot\src\share\vm\classfile\systemDictionary.cpp, line 210]
Event: 2.737 Thread 0x0000000019570000 Exception <a 'java/lang/ClassNotFoundException': org/gradle/api/internal/DefaultDomainObjectCollectionCustomizer> (0x00000000e381c8e8) thrown at [D:\src\AOSP-openjdk-cygwin\jdk8u\hotspot\src\share\vm\classfile\systemDictionary.cpp, line 210]
Event: 2.739 Thread 0x0000000019570000 Exception <a 'java/lang/ClassNotFoundException': org/gradle/api/internal/DefaultNamedDomainObjectCollectionCustomizer> (0x00000000e3871a88) thrown at [D:\src\AOSP-openjdk-cygwin\jdk8u\hotspot\src\share\vm\classfile\systemDictionary.cpp, line 210]
Event: 2.741 Thread 0x0000000019570000 Exception <a 'java/lang/ClassNotFoundException': org/gradle/api/internal/DefaultNamedDomainObjectListCustomizer> (0x00000000e38c86d0) thrown at [D:\src\AOSP-openjdk-cygwin\jdk8u\hotspot\src\share\vm\classfile\systemDictionary.cpp, line 210]
Event: 2.743 Thread 0x0000000019570000 Exception <a 'java/lang/ClassNotFoundException': org/gradle/api/internal/artifacts/DefaultArtifactRepositoryContainerCustomizer> (0x00000000e3933728) thrown at [D:\src\AOSP-openjdk-cygwin\jdk8u\hotspot\src\share\vm\classfile\systemDictionary.cpp, line 210
Event: 2.746 Thread 0x0000000019570000 Exception <a 'java/lang/ClassNotFoundException': org/gradle/api/internal/artifacts/dsl/DefaultRepositoryHandlerCustomizer> (0x00000000e3990f70) thrown at [D:\src\AOSP-openjdk-cygwin\jdk8u\hotspot\src\share\vm\classfile\systemDictionary.cpp, line 210]
Event: 2.748 Thread 0x0000000019570000 Exception <a 'java/lang/ClassNotFoundException': org/gradle/api/internal/artifacts/dsl/DefaultRepositoryHandler_DecoratedCustomizer> (0x00000000e39f6fe0) thrown at [D:\src\AOSP-openjdk-cygwin\jdk8u\hotspot\src\share\vm\classfile\systemDictionary.cpp, line

Events (10 events):
Event: 2.859 loading class org/gradle/api/artifacts/DependencySet
Event: 2.859 loading class org/gradle/api/artifacts/DependencySet done
Event: 2.859 loading class org/gradle/api/internal/artifacts/ivyservice/DefaultLenientConfiguration$ArtifactResolveException
Event: 2.859 loading class org/gradle/api/internal/artifacts/ivyservice/DefaultLenientConfiguration$ArtifactResolveException done
Event: 2.859 loading class org/gradle/api/artifacts/ResolveException
Event: 2.859 loading class org/gradle/api/artifacts/ResolveException done
Event: 2.860 loading class org/gradle/api/artifacts/ResolvableDependencies
Event: 2.860 loading class org/gradle/api/artifacts/ResolvableDependencies done
Event: 2.860 loading class org/gradle/api/artifacts/ArtifactView
Event: 2.860 loading class org/gradle/api/artifacts/ArtifactView done


Dynamic libraries:
0x000000013f0e0000 - 0x000000013f111000 	C:\Program Files\Android\Android Studio\jre\bin\java.exe
0x0000000076ff0000 - 0x000000007718f000 	C:\Windows\SYSTEM32\ntdll.dll
0x0000000076ed0000 - 0x0000000076fef000 	C:\Windows\system32\kernel32.dll
0x000007fefcbc0000 - 0x000007fefcc2a000 	C:\Windows\system32\KERNELBASE.dll
0x000007fefec30000 - 0x000007fefed0b000 	C:\Windows\system32\ADVAPI32.dll
0x000007fefd050000 - 0x000007fefd0ef000 	C:\Windows\system32\msvcrt.dll
0x000007fefd030000 - 0x000007fefd04f000 	C:\Windows\SYSTEM32\sechost.dll
0x000007feff0a0000 - 0x000007feff1cd000 	C:\Windows\system32\RPCRT4.dll
0x0000000076dd0000 - 0x0000000076eca000 	C:\Windows\system32\USER32.dll
0x000007fefef90000 - 0x000007fefeff7000 	C:\Windows\system32\GDI32.dll
0x000007fefec20000 - 0x000007fefec2e000 	C:\Windows\system32\LPK.dll
0x000007fefe680000 - 0x000007fefe74b000 	C:\Windows\system32\USP10.dll
0x000007fefb460000 - 0x000007fefb654000 	C:\Windows\WinSxS\amd64_microsoft.windows.common-controls_6595b64144ccf1df_6.0.7601.18837_none_fa3b1e3d17594757\COMCTL32.dll
0x000007fefd120000 - 0x000007fefd191000 	C:\Windows\system32\SHLWAPI.dll
0x000007fefd0f0000 - 0x000007fefd11e000 	C:\Windows\system32\IMM32.DLL
0x000007feff1d0000 - 0x000007feff2d9000 	C:\Windows\system32\MSCTF.dll
0x0000000055560000 - 0x0000000055632000 	C:\Program Files\Android\Android Studio\jre\jre\bin\msvcr100.dll
0x00000000590e0000 - 0x000000005991f000 	C:\Program Files\Android\Android Studio\jre\jre\bin\server\jvm.dll
0x000007fee0210000 - 0x000007fee0219000 	C:\Windows\system32\WSOCK32.dll
0x000007fefef40000 - 0x000007fefef8d000 	C:\Windows\system32\WS2_32.dll
0x000007fefec10000 - 0x000007fefec18000 	C:\Windows\system32\NSI.dll
0x000007fef4680000 - 0x000007fef46bb000 	C:\Windows\system32\WINMM.dll
0x000007fefbc70000 - 0x000007fefbc7c000 	C:\Windows\system32\VERSION.dll
0x0000000077190000 - 0x0000000077197000 	C:\Windows\system32\PSAPI.DLL
0x000007fef9de0000 - 0x000007fef9def000 	C:\Program Files\Android\Android Studio\jre\jre\bin\verify.dll
0x000007fef9db0000 - 0x000007fef9dd9000 	C:\Program Files\Android\Android Studio\jre\jre\bin\java.dll
0x000007fef9d90000 - 0x000007fef9da6000 	C:\Program Files\Android\Android Studio\jre\jre\bin\zip.dll
0x000007fefd440000 - 0x000007fefe1cb000 	C:\Windows\system32\SHELL32.dll
0x000007fefd1a0000 - 0x000007fefd39d000 	C:\Windows\system32\ole32.dll
0x000007fefcba0000 - 0x000007fefcbaf000 	C:\Windows\system32\profapi.dll
0x000007fef9d70000 - 0x000007fef9d8a000 	C:\Program Files\Android\Android Studio\jre\jre\bin\net.dll
0x000007fefc360000 - 0x000007fefc3b5000 	C:\Windows\system32\mswsock.dll
0x000007fefc350000 - 0x000007fefc357000 	C:\Windows\System32\wship6.dll
0x000007fef9d50000 - 0x000007fef9d61000 	C:\Program Files\Android\Android Studio\jre\jre\bin\nio.dll
0x000007feea360000 - 0x000007feea37e000 	C:\Users\Alex\.gradle\native\25\windows-amd64\native-platform.dll
0x000007fef9cf0000 - 0x000007fef9cfd000 	C:\Program Files\Android\Android Studio\jre\jre\bin\management.dll
0x000007fefc3c0000 - 0x000007fefc3d8000 	C:\Windows\system32\CRYPTSP.dll
0x000007fefc080000 - 0x000007fefc0c7000 	C:\Windows\system32\rsaenh.dll
0x000007fefcc40000 - 0x000007fefcc5e000 	C:\Windows\system32\USERENV.dll
0x000007fefca30000 - 0x000007fefca3f000 	C:\Windows\system32\CRYPTBASE.dll
0x000007fef8f90000 - 0x000007fef8fb7000 	C:\Windows\system32\IPHLPAPI.DLL
0x000007fef8f80000 - 0x000007fef8f8b000 	C:\Windows\system32\WINNSI.DLL
0x000007fef8470000 - 0x000007fef8488000 	C:\Windows\system32\dhcpcsvc.DLL
0x000007fef83e0000 - 0x000007fef83f1000 	C:\Windows\system32\dhcpcsvc6.DLL
0x000007fedd9d0000 - 0x000007feddaf5000 	C:\Windows\system32\dbghelp.dll

VM Arguments:
jvm_args: -Xmx1536m -Dfile.encoding=windows-1251 -Duser.country=RU -Duser.language=ru -Duser.variant 
java_command: org.gradle.launcher.daemon.bootstrap.GradleDaemon 4.4
java_class_path (initial): C:\Users\Alex\.gradle\wrapper\dists\gradle-4.4-all\9br9xq1tocpiv8o6njlyu5op1\gradle-4.4\lib\gradle-launcher-4.4.jar
Launcher Type: SUN_STANDARD

Environment Variables:
PATH=C:\ProgramData\Oracle\Java\javapath;C:\Program Files (x86)\Intel\iCLS Client\;C:\Program Files\Intel\iCLS Client\;C:\Windows\system32;C:\Windows;C:\Windows\System32\Wbem;C:\Windows\System32\WindowsPowerShell\v1.0\;C:\Program Files (x86)\Intel\Intel(R) Management Engine Components\DAL;C:\Program Files\Intel\Intel(R) Management Engine Components\DAL;C:\Program Files (x86)\Intel\Intel(R) Management Engine Components\IPT;C:\Program Files\Intel\Intel(R) Management Engine Components\IPT;C:\Program Files (x86)\Git\cmd;C:\Program Files\Calibre2\;C:\Program Files (x86)\Skype\Phone\;c:\Program Files (x86)\Microsoft SQL Server\110\Tools\Binn\;c:\Program Files\Microsoft SQL Server\110\Tools\Binn\;c:\Program Files\Microsoft SQL Server\110\DTS\Binn\;c:\Program Files (x86)\Microsoft SQL Server\110\Tools\Binn\ManagementStudio\;c:\Program Files (x86)\Microsoft SQL Server\110\DTS\Binn\;C:\Program Files (x86)\GitExtensions\
USERNAME=Alex
OS=Windows_NT
PROCESSOR_IDENTIFIER=Intel64 Family 6 Model 94 Stepping 3, GenuineIntel



---------------  S Y S T E M  ---------------

OS: Windows 7 , 64 bit Build 7601 (6.1.7601.24214)

CPU:total 4 (initial active 4) (2 cores per cpu, 2 threads per core) family 6 model 94 stepping 3, cmov, cx8, fxsr, mmx, sse, sse2, sse3, ssse3, sse4.1, sse4.2, popcnt, avx, avx2, aes, clmul, erms, 3dnowpref, lzcnt, ht, tsc, tscinvbit, bmi1, bmi2, adx

Memory: 4k page, physical 16662644k(12143504k free), swap 18757896k(13637408k free)

vm_info: OpenJDK 64-Bit Server VM (25.152-b02) for windows-amd64 JRE (1.8.0_152-release-1024-b02), built by "builder" with MS VC++ 10.0 (VS2010)

time: Tue Sep 04 22:38:20 2018
elapsed time: 2 seconds (0d 0h 0m 2s)

